1,0x822fbcb0,FILE,15855,2,File,Archive,FILE_NAME,2023-04-25 01:33:23.000000 ,2023-04-25 01:33:23.000000 ,2023-04-25 01:33:23.000000 ,2023-04-25 01:33:23.000000 ,Microsoft-Windows-ClipsInTheLibrary-Package~31bf3856ad364e35~x86~en-US~6.1.7601.17514.cat
1,0x822fbdc0,FILE,15855,2,File,Archive,FILE_NAME,2023-04-25 01:33:23.000000 ,2023-04-25 01:33:23.000000 ,2023-04-25 01:33:23.000000 ,2023-04-25 01:33:23.000000 ,MI39CE~1.CAT
0,0x82488450,FILE,1437,1,DirInUse,N/A,STANDARD_INFORMATION,2009-07-14 04:34:14.000000 ,2023-04-24 14:38:25.000000 ,2023-04-24 14:38:25.000000 ,2023-04-24 14:38:25.000000 ,N/A
1,0x824884b0,FILE,1437,1,DirInUse,0x0,FILE_NAME,2023-04-25 01:32:49.000000 ,2023-04-25 01:32:49.000000 ,2023-04-25 01:32:49.000000 ,2023-04-25 01:32:49.000000 ,Local
0,0x842e88d0,FILE,42654,2,File,N/A,STANDARD_INFORMATION,2023-04-24 14:51:22.000000 ,2023-04-24 14:51:22.000000 ,2023-04-24 14:51:22.000000 ,2023-04-24 14:51:22.000000 ,N/A
1,0x842e8930,FILE,42654,2,File,Archive,FILE_NAME,2023-04-24 14:51:22.000000 ,2023-04-24 14:51:22.000000 ,2023-04-24 14:51:22.000000 ,2023-04-24 14:51:22.000000 ,MI7257~1.EVT
1,0x842e89a8,FILE,42654,2,File,Archive,FILE_NAME,2023-04-24 14:51:22.000000 ,2023-04-24 14:51:22.000000 ,2023-04-24 14:51:22.000000 ,2023-04-24 14:51:22.000000 ,Microsoft-indows-Application-Experience%4Program-Compatibility-Troubleshooter.evtx
0,0x84a1b450,FILE,17441,2,File,N/A,STANDARD_INFORMATION,2009-07-14 04:49:04.000000 ,2009-07-14 02:22:44.000000 ,2023-04-25 01:33:25.000000 ,2009-07-14 04:49:04.000000 ,N/A
1,0x84a1b4b0,FILE,17441,2,File,Archive,FILE_NAME,2023-04-25 01:33:25.000000 ,2023-04-25 01:33:25.000000 ,2023-04-25 01:33:25.000000 ,2023-04-25 01:33:25.000000 ,Server-Help-Package.ClientProfessional~31bf3856ad364e35~x86~~6.1.7600.16385.cat
1,0x84a1b5a8,FILE,17441,2,File,Archive,FILE_NAME,2023-04-25 01:33:25.000000 ,2023-04-25 01:33:25.000000 ,2023-04-25 01:33:25.000000 ,2023-04-25 01:33:25.000000 ,SERVER~3.CT
0,0x84a1b850,FILE,17442,2,File,N/A,STANDARD_INFORMATION,2017-02-10 23:45:00.000000 ,2017-02-10 23:45:00.000000 ,2023-04-24 14:40:15.000000 ,2023-04-24 14:40:15.000000 ,N/A
1,0x84a1b8b0,FILE,17442,2,File,Archive,FILE_NAME,2023-04-24 14:40:15.000000 ,2023-04-24 14:40:15.000000 ,2023-04-24 14:40:15.000000 ,2023-04-24 14:40:15.000000 ,ADOBEP~1.TXT
1,0x84a1b928,FILE,17442,2,File,Archive,FILE_NAME,2023-04-24 14:40:15.000000 ,2023-04-24 14:40:15.000000 ,2023-04-24 14:40:15.000000 ,2023-04-24 14:40:15.000000 ,adobephotoshopcs3.txt
0,0x84a1bc50,FILE,17443,2,File,N/A,STANDARD_INFORMATION,2017-02-10 23:45:00.000000 ,2017-02-10 23:45:00.000000 ,2023-04-24 14:40:15.000000 ,2023-04-24 14:40:15.000000 ,N/A
0,0x853521f8,FILE,10442,1,DirInUse,N/A,STANDARD_INFORMATION,-,2023-04-24 14:57:08.000000 ,2023-04-24 14:57:08.000000 ,2023-04-24 14:57:08.000000 ,N/A
1,0x85352258,FILE,10442,1,DirInUse,0x0,FILE_NAME,2023-04-24 14:57:08.000000 ,2023-04-24 14:57:08.000000 ,2023-04-24 14:57:08.000000 ,2023-04-24 14:57:08.000000 ,0009
0,0x85352b60,FILE,10443,1,File,N/A,STANDARD_INFORMATION,2023-04-24 14:57:08.000000 ,2023-04-24 14:57:08.000000 ,2023-04-24 14:57:08.000000 ,2023-04-24 14:57:08.000000 ,N/A
1,0x85352bc0,FILE,10443,1,File,Archive,FILE_NAME,2023-04-24 14:57:08.000000 ,2023-04-24 14:57:08.000000 ,2023-04-24 14:57:08.000000 ,2023-04-24 14:57:08.000000 ,WmiApRpl.ini
0,0x85353eb0,FILE,10444,2,File,N/A,STANDARD_INFORMATION,2023-04-24 14:57:08.000000 ,2023-04-24 14:57:08.000000 ,2023-04-24 14:57:08.000000 ,2023-04-24 14:57:08.000000 ,N/A
1,0x85353f10,FILE,10444,2,File,Archive,FILE_NAME,2023-04-24 14:57:08.000000 ,2023-04-24 14:57:08.000000 ,2023-04-24 14:57:08.000000 ,2023-04-24 14:57:08.000000 ,PERFST~1.TMP
1,0x85353f88,FILE,10444,2,File,Archive,FILE_NAME,2023-04-24 14:57:08.000000 ,2023-04-24 14:57:08.000000 ,2023-04-24 14:57:08.000000 ,2023-04-24 14:57:08.000000 ,PerfStringBackup.TMP
0,0x8535d3b0,FILE,10444,1,DirInUse,N/A,STANDARD_INFORMATION,2023-04-24 14:44:07.000000 ,2023-04-24 14:44:07.000000 ,2023-04-24 14:44:07.000000 ,2023-04-24 14:44:07.000000 ,N/A
1,0x8535d410,FILE,10444,1,DirInUse,0x0,FILE_NAME,2023-04-24 14:44:07.000000 ,2023-04-24 14:44:07.000000 ,2023-04-24 14:44:07.000000 ,2023-04-24 14:44:07.000000 ,0009
0,0x8535dd18,FILE,10445,1,File,N/A,STANDARD_INFORMATION,2023-04-24 14:44:07.000000 ,2023-04-24 14:44:07.000000 ,2023-04-24 14:44:07.000000 ,2023-04-24 14:44:07.000000 ,N/A
1,0x8535dd78,FILE,10445,1,File,Archive,FILE_NAME,2023-04-24 14:44:07.000000 ,2023-04-24 14:44:07.000000 ,2023-04-24 14:44:07.000000 ,2023-04-24 14:44:07.000000 ,WmiApRpl.ini
0,0x85406050,FILE,0,1,File,N/A,STANDARD_INFORMATION,2023-04-25 01:32:21.000000 ,2023-04-25 01:32:21.000000 ,2023-04-25 01:32:21.000000 ,2023-04-25 01:32:21.000000 ,N/A
1,0x854060b0,FILE,0,1,File,0x6,FILE_NAME,2023-04-25 01:32:21.000000 ,2023-04-25 01:32:21.000000 ,2023-04-25 01:32:21.000000 ,2023-04-25 01:32:21.000000 ,$MFT
0,0x85406450,FILE,1,1,File,N/A,STANDARD_INFORMATION,2023-04-25 01:32:21.000000 ,2023-04-25 01:32:21.000000 ,2023-04-25 01:32:21.000000 ,2023-04-25 01:32:21.000000 ,N/A
1,0x854064b0,FILE,1,1,File,0x6,FILE_NAME,2023-04-25 01:32:21.000000 ,2023-04-25 01:32:21.000000 ,2023-04-25 01:32:21.000000 ,2023-04-25 01:32:21.000000 ,$MFTMirr
0,0x85406850,FILE,2,1,File,N/A,STANDARD_INFORMATION,2023-04-25 01:32:21.000000 ,2023-04-25 01:32:21.000000 ,2023-04-25 01:32:21.000000 ,2023-04-25 01:32:21.000000 ,N/A
1,0x854068b0,FILE,2,1,File,0x6,FILE_NAME,2023-04-25 01:32:21.000000 ,2023-04-25 01:32:21.000000 ,2023-04-25 01:32:21.000000 ,2023-04-25 01:32:21.000000 ,$LogFile
0,0x85406c50,FILE,3,1,File,N/A,STANDARD_INFORMATION,2023-04-25 01:32:21.000000 ,2023-04-25 01:32:21.000000 ,2023-04-25 01:32:21.000000 ,2023-04-25 01:32:21.000000 ,N/A
1,0x85406c98,FILE,3,1,File,0x6,FILE_NAME,2023-04-25 01:32:21.000000 ,2023-04-25 01:32:21.000000 ,2023-04-25 01:32:21.000000 ,2023-04-25 01:32:21.000000 ,$Volume
0,0x855d9850,FILE,19314,2,File,N/A,STANDARD_INFORMATION,2009-07-13 23:52:47.000000 ,2009-07-14 01:16:02.000000 ,2023-04-25 01:33:37.000000 ,2009-07-13 23:52:47.000000 ,N/A
1,0x855d98b0,FILE,19314,2,File,Archive,FILE_NAME,2023-04-25 01:33:37.000000 ,2023-04-25 01:33:37.000000 ,2023-04-25 01:33:37.000000 ,2023-04-25 01:33:37.000000 ,ndishc.dll
1,0x855d9920,FILE,19314,2,File,Archive,FILE_NAME,2023-04-25 01:33:37.000000 ,2023-04-25 01:33:37.000000 ,2023-04-25 01:33:37.000000 ,2023-04-25 01:33:37.000000 ,ndishc.dll
0,0x855d9c50,FILE,19315,3,File,N/A,STANDARD_INFORMATION,2009-07-13 23:52:20.000000 ,2009-07-14 01:16:02.000000 ,2023-04-25 01:33:37.000000 ,2009-07-13 23:52:20.000000 ,N/A
1,0x855d9cb0,FILE,19315,3,File,Archive,FILE_NAME,2023-04-25 01:33:37.000000 ,2023-04-25 01:33:37.000000 ,2023-04-25 01:33:37.000000 ,2023-04-25 01:33:37.000000 ,NDPROX~1.DLL
1,0x855d9d28,FILE,19315,3,File,Archive,FILE_NAME,2023-04-25 01:33:37.000000 ,2023-04-25 01:33:37.000000 ,2023-04-25 01:33:37.000000 ,2023-04-25 01:33:37.000000 ,ndproxystub.dll
1,0x855d9da0,FILE,19315,3,File,Archive,FILE_NAME,2023-04-25 01:33:37.000000 ,2023-04-25 01:33:37.000000 ,2023-04-25 01:33:37.000000 ,2023-04-25 01:33:37.000000 ,ndproxystub.dl
0,0x85605850,FILE,18314,1,File,N/A,STANDARD_INFORMATION,2010-11-20 21:12:14.000000 ,2010-11-20 21:12:14.000000 ,2023-04-25 01:33:32.000000 ,2010-11-21 00:50:32.000000 ,N/A
1,0x856058b0,FILE,18314,1,File,Archive,FILE_NAME,2023-04-25 01:33:32.000000 ,2023-04-25 01:33:32.000000 ,2023-04-25 01:33:32.000000 ,2023-04-25 01:33:32.000000 ,dpx.dll
0,0x85605c50,FILE,18315,2,File,N/A,STANDARD_INFORMATION,2010-11-20 21:29:12.000000 ,2010-11-20 21:29:12.000000 ,2023-04-25 01:33:32.000000 ,2010-11-20 21:29:12.000000 ,N/A
1,0x85605cb0,FILE,18315,2,File,Archive,FILE_NAME,2023-04-25 01:33:32.000000 ,2023-04-25 01:33:32.000000 ,2023-04-25 01:33:32.000000 ,2023-04-25 01:33:32.000000 ,dpx.dll
1,0x85605d18,FILE,18315,2,File,Archive,FILE_NAME,2023-04-25 01:33:32.000000 ,2023-04-25 01:33:32.000000 ,2023-04-25 01:33:32.000000 ,2023-04-25 01:33:32.000000 ,dpx.dll
0,0x85d91850,FILE,2834,2,DirInUse,N/A,STANDARD_INFORMATION,2010-11-20 21:29:51.000000 ,2010-11-20 21:29:51.000000 ,2023-04-25 01:34:31.000000 ,2010-11-20 21:29:51.000000 ,N/A
1,0x85d918b0,FILE,2834,2,DirInUse,0x0,FILE_NAME,2023-04-25 01:32:49.000000 ,2023-04-25 01:32:49.000000 ,2023-04-25 01:32:49.000000 ,2023-04-25 01:32:49.000000 ,MSIL_W~2.175
1,0x85d91928,FILE,2834,2,DirInUse,0x0,FILE_NAME,2023-04-25 01:32:49.000000 ,2023-04-25 01:32:49.000000 ,2023-04-25 01:32:49.000000 ,2023-04-25 01:32:49.000000 ,msil_wsatconfig_b03f5f7f11d50a3a_6.1.7601.17514_none_dd3a06567424a01b
0,0x85d91c50,FILE,2835,1,DirInUse,N/A,STANDARD_INFORMATION,2009-07-14 02:37:19.000000 ,2023-04-24 14:38:56.000000 ,2023-04-24 14:38:56.000000 ,2023-04-24 14:38:56.000000 ,N/A
1,0x85d91cb0,FILE,2835,1,DirInUse,0x0,FILE_NAME,2023-04-25 01:32:49.000000 ,2023-04-25 01:32:49.000000 ,2023-04-25 01:32:49.000000 ,2023-04-25 01:32:49.000000 ,Temp
0,0x85e60850,FILE,38838,2,File,N/A,STANDARD_INFORMATION,2010-11-20 21:24:59.000000 ,2010-11-20 21:24:59.000000 ,2023-04-25 01:34:18.000000 ,2010-11-20 21:24:59.000000 ,N/A
1,0x85e608b0,FILE,38838,2,File,Archive,FILE_NAME,2023-04-25 01:34:18.000000 ,2023-04-25 01:34:18.000000 ,2023-04-25 01:34:18.000000 ,2023-04-25 01:34:18.000000 ,X8DD66~1.MAN
1,0x85e60928,FILE,38838,2,File,Archive,FILE_NAME,2023-04-25 01:34:18.000000 ,2023-04-25 01:34:18.000000 ,2023-04-25 01:34:18.000000 ,2023-04-25 01:34:18.000000 ,x86_policy.9.0.microsoft.vc90.crt_1fc8b3b9a1e18e3b_9.0.30729.4940_none_f47d0f6f6564d90.manifest
0,0x85e60c50,FILE,38839,2,File,N/A,STANDARD_INFORMATION,2010-11-20 21:24:55.000000 ,2010-11-20 21:24:55.000000 ,2023-04-25 01:34:18.000000 ,2010-11-20 21:24:55.000000 ,N/A
1,0x85e60cb0,FILE,38839,2,File,Archive,FILE_NAME,2023-04-25 01:34:18.000000 ,2023-04-25 01:34:18.000000 ,2023-04-25 01:34:18.000000 ,2023-04-25 01:34:18.000000 ,x86_presentationcore_31bf3856ad364e35_6.1.7601.17514_none_ae387c2aee366287.manifest
1,0x85e60db0,FILE,38839,2,File,Archive,FILE_NAME,2023-04-25 01:34:18.000000 ,2023-04-25 01:34:18.000000 ,2023-04-25 01:34:18.000000 ,2023-04-25 01:34:18.000000 ,X882702.MAN
0,0x860ca050,FILE,27160,3,File,N/A,STANDARD_INFORMATION,2010-11-21 00:38:27.000000 ,2010-11-21 00:38:27.000000 ,2023-04-25 01:34:03.000000 ,2010-11-21 00:38:28.000000 ,N/A
1,0x860ca0b0,FILE,27160,3,File,Archive,FILE_NAME,2023-04-25 01:34:03.000000 ,2023-04-25 01:34:03.000000 ,2023-04-25 01:34:03.000000 ,2023-04-25 01:34:03.000000 ,RSMGRS~1.MUI
1,0x860ca128,FILE,27160,3,File,Archive,FILE_NAME,2023-04-25 01:34:03.000000 ,2023-04-25 01:34:03.000000 ,2023-04-25 01:34:03.000000 ,2023-04-25 01:34:03.000000 ,RSMGRSTR.dll.mui
1,0x860ca1a8,FILE,27160,3,File,Archive,FILE_NAME,2023-04-25 01:34:03.000000 ,2023-04-25 01:34:03.000000 ,2023-04-25 01:34:03.000000 ,2023-04-25 01:34:03.000000 ,RSMGRSTR.dl.mui
0,0x860ca450,FILE,27161,2,File,N/A,STANDARD_INFORMATION,2010-11-21 00:38:27.000000 ,2010-11-21 00:38:27.000000 ,2023-04-25 01:34:03.000000 ,2010-11-21 00:38:28.000000 ,N/A
1,0x860ca4b0,FILE,27161,2,File,Archive,FILE_NAME,2023-04-25 01:34:03.000000 ,2023-04-25 01:34:03.000000 ,2023-04-25 01:34:03.000000 ,2023-04-25 01:34:03.000000 ,RSMGRS~1.MUI
1,0x860ca528,FILE,27161,2,File,Archive,FILE_NAME,2023-04-25 01:34:03.000000 ,2023-04-25 01:34:03.000000 ,2023-04-25 01:34:03.000000 ,2023-04-25 01:34:03.000000 ,RSMGRSTR.dll.mui
0,0x860ca850,FILE,27162,3,File,N/A,STANDARD_INFORMATION,2010-11-21 00:38:25.000000 ,2010-11-21 00:38:25.000000 ,2023-04-25 01:34:03.000000 ,2010-11-21 00:38:25.000000 ,N/A
1,0x860ca8b0,FILE,27162,3,File,Archive,FILE_NAME,2023-04-25 01:34:03.000000 ,2023-04-25 01:34:03.000000 ,2023-04-25 01:34:03.000000 ,2023-04-25 01:34:03.000000 ,RSTRTM~1.MUI
1,0x860ca928,FILE,27162,3,File,Archive,FILE_NAME,2023-04-25 01:34:03.000000 ,2023-04-25 01:34:03.000000 ,2023-04-25 01:34:03.000000 ,2023-04-25 01:34:03.000000 ,rstrtmgr.dll.mui
1,0x860ca9a8,FILE,27162,3,File,Archive,FILE_NAME,2023-04-25 01:34:03.000000 ,2023-04-25 01:34:03.000000 ,2023-04-25 01:34:03.000000 ,2023-04-25 01:34:03.000000 ,rstrtmgr.dl.mui
0,0x860cac50,FILE,27163,3,File,N/A,STANDARD_INFORMATION,2010-11-21 00:38:35.000000 ,2010-11-21 00:38:35.000000 ,2023-04-25 01:34:03.000000 ,2010-11-21 00:38:36.000000 ,N/A
1,0x860cacb0,FILE,27163,3,File,Archive,FILE_NAME,2023-04-25 01:34:03.000000 ,2023-04-25 01:34:03.000000 ,2023-04-25 01:34:03.000000 ,2023-04-25 01:34:03.000000 ,rstrui.exe.mui
1,0x860cad28,FILE,27163,3,File,Archive,FILE_NAME,2023-04-25 01:34:03.000000 ,2023-04-25 01:34:03.000000 ,2023-04-25 01:34:03.000000 ,2023-04-25 01:34:03.000000 ,RSTRUI~1.MUI
1,0x860cada0,FILE,27163,3,File,Archive,FILE_NAME,2023-04-25 01:34:03.000000 ,2023-04-25 01:34:03.000000 ,2023-04-25 01:34:03.000000 ,2023-04-25 01:34:03.000000 ,rstrui.exe.mui
0,0x86740c50,FILE,16299,2,File,N/A,STANDARD_INFORMATION,2010-11-20 21:21:10.000000 ,2010-11-20 21:21:10.000000 ,-,-,N/A
0,0x882c9050,FILE,15908,2,File,N/A,STANDARD_INFORMATION,2010-11-20 21:28:10.000000 ,2010-11-20 15:51:20.000000 ,2023-04-25 01:33:23.000000 ,2010-11-21 00:46:22.000000 ,N/A
1,0x882c90b0,FILE,15908,2,File,Archive,FILE_NAME,2023-04-25 01:33:23.000000 ,2023-04-25 01:33:23.000000 ,2023-04-25 01:33:23.000000 ,2023-04-25 01:33:23.000000 ,Microsoft-Windows-Common-Modem-Drivers-Package~31bf3856ad364e35~x86~en-US~6.1.7601.17514.mum
1,0x882c91c8,FILE,15908,2,File,Archive,FILE_NAME,2023-04-25 01:33:23.000000 ,2023-04-25 01:33:23.000000 ,2023-04-25 01:33:23.000000 ,2023-04-25 01:33:23.000000 ,MIDFBD~1.MUM
0,0x882c9450,FILE,15909,2,File,N/A,STANDARD_INFORMATION,2009-07-14 04:49:04.000000 ,2009-07-14 02:22:12.000000 ,2023-04-25 01:33:23.000000 ,2009-07-14 04:49:04.000000 ,N/A
1,0x882c94b0,FILE,15909,2,File,Archive,FILE_NAME,2023-04-25 01:33:23.000000 ,2023-04-25 01:33:23.000000 ,2023-04-25 01:33:23.000000 ,2023-04-25 01:33:23.000000 ,Microsoft-Windows-Common-Modem-Drivers-Package~31bf3856ad364e35~x86~~6.1.7600.16385.cat
1,0x882c95b8,FILE,15909,2,File,Archive,FILE_NAME,2023-04-25 01:33:23.000000 ,2023-04-25 01:33:23.000000 ,2023-04-25 01:33:23.000000 ,2023-04-25 01:33:23.000000 ,MI349E~1.CAT
0,0x882c9850,FILE,15910,2,DirInUse,N/A,STANDARD_INFORMATION,2023-04-24 14:38:49.000000 ,2023-04-24 14:38:50.000000 ,2023-04-24 14:38:50.000000 ,2023-04-24 14:38:50.000000 ,N/A
1,0x882c98b0,FILE,15910,2,DirInUse,0x0,FILE_NAME,2023-04-24 14:38:49.000000 ,2023-04-24 14:38:49.000000 ,2023-04-24 14:38:49.000000 ,2023-04-24 14:38:49.000000 ,CUSTOM~1
1,0x882c9920,FILE,15910,2,DirInUse,0x0,FILE_NAME,2023-04-24 14:38:49.000000 ,2023-04-24 14:38:49.000000 ,2023-04-24 14:38:49.000000 ,2023-04-24 14:38:49.000000 ,CustomDestinations
0,0x882c9c50,FILE,15911,2,File,N/A,STANDARD_INFORMATION,2023-04-24 14:38:49.000000 ,2023-04-24 14:38:49.000000 ,2023-04-24 14:38:49.000000 ,2023-04-24 14:38:49.000000 ,N/A
1,0x882c9cb0,FILE,15911,2,File,Archive,FILE_NAME,2023-04-24 14:38:49.000000 ,2023-04-24 14:38:49.000000 ,2023-04-24 14:38:49.000000 ,2023-04-24 14:38:49.000000 ,5AFE4D~1.CUS
1,0x882c9d28,FILE,15911,2,File,Archive,FILE_NAME,2023-04-24 14:38:49.000000 ,2023-04-24 14:38:49.000000 ,2023-04-24 14:38:49.000000 ,2023-04-24 14:38:49.000000 ,5afe4de1b92fc382.customDestinations-ms
0,0x882cb050,FILE,15916,2,File,N/A,STANDARD_INFORMATION,2009-07-14 04:49:04.000000 ,2009-07-14 02:22:12.000000 ,2023-04-25 01:33:23.000000 ,2009-07-14 04:49:04.000000 ,N/A
1,0x882cb0b0,FILE,15916,2,File,Archive,FILE_NAME,2023-04-25 01:33:23.000000 ,2023-04-25 01:33:23.000000 ,2023-04-25 01:33:23.000000 ,2023-04-25 01:33:23.000000 ,Microsoft-Windows-DesktopWindowManager-uDWM-Package~31bf3856ad364e35~x86~~6.1.7600.16385.cat
1,0x882cb1c8,FILE,15916,2,File,Archive,FILE_NAME,2023-04-25 01:33:23.000000 ,2023-04-25 01:33:23.000000 ,2023-04-25 01:33:23.000000 ,2023-04-25 01:33:23.000000 ,MID934~1.CAT
0,0x882cb450,FILE,15917,2,File,N/A,STANDARD_INFORMATION,2023-04-24 14:38:49.000000 ,2023-04-24 14:38:49.000000 ,1630-08-19 15:52:25.000000 ,2023-04-24 14:38:49.000000 ,N/A
1,0x882cb4b0,FILE,15917,2,File,Archive,FILE_NAME,2023-04-24 14:38:49.000000 ,2023-04-24 14:38:49.000000 ,2023-04-24 14:38:49.000000 ,2023-04-24 14:38:49.000000 ,FWLINK~1
1,0x882cb520,FILE,15917,2,File,Archive,FILE_NAME,2023-04-24 14:38:49.000000 ,2023-04-24 14:38:49.000000 ,2023-04-24 14:38:49.000000 ,2023-04-24 14:38:49.000000 ,fwlink[1]
0,0x882cb850,FILE,15918,1,DirInUse,N/A,STANDARD_INFORMATION,2023-04-24 14:38:49.000000 ,2023-04-24 14:38:50.000000 ,2023-04-24 14:38:50.000000 ,2023-04-24 14:38:50.000000 ,N/A
1,0x882cb8b0,FILE,15918,1,DirInUse,0x0,FILE_NAME,2023-04-24 14:38:49.000000 ,2023-04-24 14:38:49.000000 ,2023-04-24 14:38:49.000000 ,2023-04-24 14:38:49.000000 ,TaskBar
0,0x882cbc50,FILE,15919,2,File,N/A,STANDARD_INFORMATION,2010-11-20 21:27:25.000000 ,2010-11-20 15:32:34.000000 ,2023-04-25 01:33:23.000000 ,2010-11-20 21:27:25.000000 ,N/A
1,0x882cbcb0,FILE,15919,2,File,Archive,FILE_NAME,2023-04-25 01:33:23.000000 ,2023-04-25 01:33:23.000000 ,2023-04-25 01:33:23.000000 ,2023-04-25 01:33:23.000000 ,Microsoft-Windows-DesktopWindowManager-uDWM-Package~31bf3856ad364e35~x86~~6.1.7601.17514.cat
1,0x882cbdc8,FILE,15919,2,File,Archive,FILE_NAME,2023-04-25 01:33:23.000000 ,2023-04-25 01:33:23.000000 ,2023-04-25 01:33:23.000000 ,2023-04-25 01:33:23.000000 ,MIA710~1.CAT
0,0x882d9050,FILE,15972,2,File,N/A,STANDARD_INFORMATION,2010-11-20 21:28:33.000000 ,2010-11-20 15:51:20.000000 ,2023-04-25 01:33:23.000000 ,2010-11-21 00:48:34.000000 ,N/A
1,0x882d90b0,FILE,15972,2,File,Archive,FILE_NAME,2023-04-25 01:33:23.000000 ,2023-04-25 01:33:23.000000 ,2023-04-25 01:33:23.000000 ,2023-04-25 01:33:23.000000 ,Microsoft-Windows-Gadget-Platform-Package~31bf3856ad364e35~x86~en-US~6.1.7601.17514.mum
1,0x882d91b8,FILE,15972,2,File,Archive,FILE_NAME,2023-04-25 01:33:23.000000 ,2023-04-25 01:33:23.000000 ,2023-04-25 01:33:23.000000 ,2023-04-25 01:33:23.000000 ,MI5ABD~1.MUM
0,0x882d9450,FILE,15973,2,File,N/A,STANDARD_INFORMATION,2009-07-14 04:49:04.000000 ,2009-07-14 02:22:28.000000 ,2023-04-25 01:33:23.000000 ,2009-07-14 04:49:04.000000 ,N/A
1,0x882d94b0,FILE,15973,2,File,Archive,FILE_NAME,2023-04-25 01:33:23.000000 ,2023-04-25 01:33:23.000000 ,2023-04-25 01:33:23.000000 ,2023-04-25 01:33:23.000000 ,Microsoft-Windows-Gadget-Platform-Package~31bf3856ad364e35~x86~~6.1.7600.16385.cat
1,0x882d95b0,FILE,15973,2,File,Archive,FILE_NAME,2023-04-25 01:33:23.000000 ,2023-04-25 01:33:23.000000 ,2023-04-25 01:33:23.000000 ,2023-04-25 01:33:23.000000 ,MI469B~1.CAT
0,0x882d9850,FILE,15974,1,File,N/A,STANDARD_INFORMATION,2023-04-24 14:44:53.000000 ,2023-04-24 14:44:53.000000 ,2023-04-24 14:44:53.000000 ,2023-04-24 14:44:53.000000 ,N/A
1,0x882d98b0,FILE,15974,1,File,Archive,FILE_NAME,2023-04-24 14:44:53.000000 ,2023-04-24 14:44:53.000000 ,2023-04-24 14:44:53.000000 ,2023-04-24 14:44:53.000000 ,CiAD0002.000
0,0x882d9c50,FILE,15975,1,File,N/A,STANDARD_INFORMATION,2023-04-24 14:38:25.000000 ,2023-04-24 14:41:15.000000 ,2023-04-24 14:41:15.000000 ,2023-04-24 14:38:25.000000 ,N/A
1,0x882d9cb0,FILE,15975,1,File,Archive,FILE_NAME,2023-04-24 14:38:25.000000 ,2023-04-24 14:38:25.000000 ,2023-04-24 14:38:25.000000 ,2023-04-24 14:38:25.000000 ,CBS.log
0,0x882db050,FILE,15980,2,File,N/A,STANDARD_INFORMATION,2009-07-14 04:56:02.000000 ,2009-07-14 03:20:34.000000 ,2023-04-25 01:33:23.000000 ,2009-07-14 04:56:02.000000 ,N/A
1,0x882db0b0,FILE,15980,2,File,Archive,FILE_NAME,2023-04-25 01:33:23.000000 ,2023-04-25 01:33:23.000000 ,2023-04-25 01:33:23.000000 ,2023-04-25 01:33:23.000000 ,Microsoft-Windows-GPUPipeline-Package~31bf3856ad364e35~x86~en-US~6.1.7600.16385.cat
1,0x882db1b0,FILE,15980,2,File,Archive,FILE_NAME,2023-04-25 01:33:23.000000 ,2023-04-25 01:33:23.000000 ,2023-04-25 01:33:23.000000 ,2023-04-25 01:33:23.000000 ,MI580B~1.CAT
0,0x882db450,FILE,15981,2,File,N/A,STANDARD_INFORMATION,2023-04-24 14:38:25.000000 ,2023-04-24 14:41:14.000000 ,2023-04-24 14:41:14.000000 ,2023-04-24 14:38:25.000000 ,N/A
1,0x882db4b0,FILE,15981,2,File,Archive,FILE_NAME,2023-04-24 14:38:25.000000 ,2023-04-24 14:38:25.000000 ,2023-04-24 14:38:25.000000 ,2023-04-24 14:38:25.000000 ,MI75EC~1.EVT
1,0x882db528,FILE,15981,2,File,Archive,FILE_NAME,2023-04-24 14:38:25.000000 ,2023-04-24 14:38:25.000000 ,2023-04-24 14:38:25.000000 ,2023-04-24 14:38:25.000000 ,Microsoft-Windows-WindowsSystemAssessmentTool%4Operational.evtx
0,0x882db850,FILE,15982,1,File,N/A,STANDARD_INFORMATION,2023-04-24 14:44:53.000000 ,2023-04-24 14:44:53.000000 ,2023-04-24 14:44:53.000000 ,2023-04-24 14:44:53.000000 ,N/A
1,0x882db8b0,FILE,15982,1,File,Archive,FILE_NAME,2023-04-24 14:44:53.000000 ,2023-04-24 14:44:53.000000 ,2023-04-24 14:44:53.000000 ,2023-04-24 14:44:53.000000 ,CiAD0002.001
0,0x882dbc50,FILE,15983,2,File,N/A,STANDARD_INFORMATION,2010-11-21 00:37:57.000000 ,2010-11-21 00:37:57.000000 ,2023-04-25 01:33:23.000000 ,2010-11-21 00:38:18.000000 ,N/A
1,0x882dbcb0,FILE,15983,2,File,Archive,FILE_NAME,2023-04-25 01:33:23.000000 ,2023-04-25 01:33:23.000000 ,2023-04-25 01:33:23.000000 ,2023-04-25 01:33:23.000000 ,329F84~1.CAT
1,0x882dbd28,FILE,15983,2,File,Archive,FILE_NAME,2023-04-25 01:33:23.000000 ,2023-04-25 01:33:23.000000 ,2023-04-25 01:33:23.000000 ,2023-04-25 01:33:23.000000 ,329f840c727907906f4010251ac4bdef7860cc8565377e36b34d6c736a8aa33d.cat
0,0x882dd050,FILE,15988,1,File,N/A,STANDARD_INFORMATION,2023-04-24 14:44:53.000000 ,2023-04-24 14:44:53.000000 ,2023-04-24 14:44:53.000000 ,2023-04-24 14:44:53.000000 ,N/A
1,0x882dd0b0,FILE,15988,1,File,Archive,FILE_NAME,2023-04-24 14:44:53.000000 ,2023-04-24 14:44:53.000000 ,2023-04-24 14:44:53.000000 ,2023-04-24 14:44:53.000000 ,CiAD0002.002
0,0x882dd450,FILE,15989,1,File,N/A,STANDARD_INFORMATION,2023-04-24 14:49:06.000000 ,2023-04-24 14:41:39.000000 ,2023-04-24 14:58:43.000000 ,2023-04-24 14:49:06.000000 ,N/A
1,0x882dd4b0,FILE,15989,1,File,Archive,FILE_NAME,2023-04-24 14:49:06.000000 ,2023-04-24 14:49:06.000000 ,2023-04-24 14:49:06.000000 ,2023-04-24 14:49:06.000000 ,index.dat
0,0x882dd850,FILE,15990,2,File,N/A,STANDARD_INFORMATION,2010-11-20 21:21:10.000000 ,2010-11-20 21:21:10.000000 ,2023-04-25 01:33:23.000000 ,2010-11-20 21:21:10.000000 ,N/A
1,0x882dd8b0,FILE,15990,2,File,Archive,FILE_NAME,2023-04-25 01:33:23.000000 ,2023-04-25 01:33:23.000000 ,2023-04-25 01:33:23.000000 ,2023-04-25 01:33:23.000000 ,2995DF~1.CAT
1,0x882dd928,FILE,15990,2,File,Archive,FILE_NAME,2023-04-25 01:33:23.000000 ,2023-04-25 01:33:23.000000 ,2023-04-25 01:33:23.000000 ,2023-04-25 01:33:23.000000 ,2995dfb730274a6e642391c986fe61d44615a0a67a57fd44eb30164bd55084b8.cat
0,0x882ddc50,FILE,15991,2,File,N/A,STANDARD_INFORMATION,2010-11-20 21:27:14.000000 ,2010-11-20 15:34:54.000000 ,2023-04-25 01:33:23.000000 ,2010-11-20 21:27:14.000000 ,N/A
1,0x882ddcb0,FILE,15991,2,File,Archive,FILE_NAME,2023-04-25 01:33:23.000000 ,2023-04-25 01:33:23.000000 ,2023-04-25 01:33:23.000000 ,2023-04-25 01:33:23.000000 ,Microsoft-Windows-GPUPipeline-Package~31bf3856ad364e35~x86~~6.1.7601.17514.cat
1,0x882ddda8,FILE,15991,2,File,Archive,FILE_NAME,2023-04-25 01:33:23.000000 ,2023-04-25 01:33:23.000000 ,2023-04-25 01:33:23.000000 ,2023-04-25 01:33:23.000000 ,MI9AA1~1.CAT
0,0x882de050,FILE,15992,2,File,N/A,STANDARD_INFORMATION,2010-11-20 21:27:14.000000 ,2010-11-20 15:34:54.000000 ,2023-04-25 01:33:23.000000 ,2010-11-20 21:27:14.000000 ,N/A
1,0x882de0b0,FILE,15992,2,File,Archive,FILE_NAME,2023-04-25 01:33:23.000000 ,2023-04-25 01:33:23.000000 ,2023-04-25 01:33:23.000000 ,2023-04-25 01:33:23.000000 ,Microsoft-Windows-GPUPipeline-Package~31bf3856ad364e35~x86~~6.1.7601.17514.cat
1,0x882de1a8,FILE,15992,2,File,Archive,FILE_NAME,2023-04-25 01:33:23.000000 ,2023-04-25 01:33:23.000000 ,2023-04-25 01:33:23.000000 ,2023-04-25 01:33:23.000000 ,MI9AA1~1.CAT
0,0x882de450,FILE,15993,2,File,N/A,STANDARD_INFORMATION,2010-11-20 21:27:14.000000 ,2010-11-20 15:13:20.000000 ,2023-04-25 01:33:23.000000 ,2010-11-21 00:48:34.000000 ,N/A
1,0x882de4b0,FILE,15993,2,File,Archive,FILE_NAME,2023-04-25 01:33:23.000000 ,2023-04-25 01:33:23.000000 ,2023-04-25 01:33:23.000000 ,2023-04-25 01:33:23.000000 ,Microsoft-Windows-GPUPipeline-Package~31bf3856ad364e35~x86~~6.1.7601.17514.mum
1,0x882de5a8,FILE,15993,2,File,Archive,FILE_NAME,2023-04-25 01:33:23.000000 ,2023-04-25 01:33:23.000000 ,2023-04-25 01:33:23.000000 ,2023-04-25 01:33:23.000000 ,MID94C~1.MUM
0,0x882de850,FILE,15994,2,File,N/A,STANDARD_INFORMATION,2009-07-14 04:56:02.000000 ,2009-07-14 03:21:56.000000 ,2023-04-25 01:33:23.000000 ,2009-07-14 04:56:02.000000 ,N/A
1,0x882de8b0,FILE,15994,2,File,Archive,FILE_NAME,2023-04-25 01:33:23.000000 ,2023-04-25 01:33:23.000000 ,2023-04-25 01:33:23.000000 ,2023-04-25 01:33:23.000000 ,Microsoft-Windows-GroupPolicy-ClientExtensions-Package~31bf3856ad364e35~x86~en-US~6.1.7600.16385.cat
1,0x882de9d8,FILE,15994,2,File,Archive,FILE_NAME,2023-04-25 01:33:23.000000 ,2023-04-25 01:33:23.000000 ,2023-04-25 01:33:23.000000 ,2023-04-25 01:33:23.000000 ,MIF885~1.CAT
0,0x882dec50,FILE,15995,2,File,N/A,STANDARD_INFORMATION,2023-04-24 14:49:16.000000 ,2023-04-24 14:49:16.000000 ,2023-04-24 14:49:16.000000 ,2023-04-24 14:49:16.000000 ,N/A
1,0x882decb0,FILE,15995,2,File,Archive,FILE_NAME,2023-04-24 14:49:16.000000 ,2023-04-24 14:49:16.000000 ,2023-04-24 14:49:16.000000 ,2023-04-24 14:49:16.000000 ,7E4DCA~1.AUT
1,0x882ded28,FILE,15995,2,File,Archive,FILE_NAME,2023-04-24 14:49:16.000000 ,2023-04-24 14:49:16.000000 ,2023-04-24 14:49:16.000000 ,2023-04-24 14:49:16.000000 ,7e4dca80246863e3.automaticDestinations-ms
0,0x882e9050,FILE,16036,2,File,N/A,STANDARD_INFORMATION,2010-11-20 21:27:37.000000 ,2010-11-20 15:13:20.000000 ,2023-04-25 01:33:23.000000 ,2010-11-21 00:48:34.000000 ,N/A
1,0x882e90b0,FILE,16036,2,File,Archive,FILE_NAME,2023-04-25 01:33:23.000000 ,2023-04-25 01:33:23.000000 ,2023-04-25 01:33:23.000000 ,2023-04-25 01:33:23.000000 ,Microsoft-Windows-Help-CoreClientUAHB-Package~31bf3856ad364e35~x86~~6.1.7601.17514.mum
1,0x882e91b8,FILE,16036,2,File,Archive,FILE_NAME,2023-04-25 01:33:23.000000 ,2023-04-25 01:33:23.000000 ,2023-04-25 01:33:23.000000 ,2023-04-25 01:33:23.000000 ,MID47C~1.MUM
0,0x882e9450,FILE,16037,2,File,N/A,STANDARD_INFORMATION,2009-07-14 04:56:02.000000 ,2009-07-14 03:20:34.000000 ,2023-04-25 01:33:23.000000 ,2009-07-14 04:56:02.000000 ,N/A
1,0x882e94b0,FILE,16037,2,File,Archive,FILE_NAME,2023-04-25 01:33:23.000000 ,2023-04-25 01:33:23.000000 ,2023-04-25 01:33:23.000000 ,2023-04-25 01:33:23.000000 ,Microsoft-Windows-Help-CoreClientUAHP-Package~31bf3856ad364e35~x86~en-US~6.1.7600.16385.cat
1,0x882e95c0,FILE,16037,2,File,Archive,FILE_NAME,2023-04-25 01:33:23.000000 ,2023-04-25 01:33:23.000000 ,2023-04-25 01:33:23.000000 ,2023-04-25 01:33:23.000000 ,MI6C5B~1.CAT
0,0x882e9850,FILE,16038,1,DirInUse,N/A,STANDARD_INFORMATION,2023-04-24 14:38:32.000000 ,2023-04-24 14:38:32.000000 ,2023-04-24 14:41:45.000000 ,2023-04-24 14:38:32.000000 ,N/A
1,0x882e98b0,FILE,16038,1,DirInUse,0x0,FILE_NAME,2023-04-24 14:38:32.000000 ,2023-04-24 14:38:32.000000 ,2023-04-24 14:38:32.000000 ,2023-04-24 14:38:32.000000 ,PropMap
0,0x882e9c50,FILE,16039,1,File,N/A,STANDARD_INFORMATION,2023-04-24 14:38:32.000000 ,2023-04-24 14:41:15.000000 ,2023-04-24 14:41:15.000000 ,2023-04-24 14:38:32.000000 ,N/A
1,0x882e9cb0,FILE,16039,1,File,Archive,FILE_NAME,2023-04-24 14:38:32.000000 ,2023-04-24 14:38:32.000000 ,2023-04-24 14:38:32.000000 ,2023-04-24 14:38:32.000000 ,CiPT0000.000
0,0x882eb050,FILE,16044,2,File,N/A,STANDARD_INFORMATION,2009-07-14 04:48:58.000000 ,2009-07-14 04:48:58.000000 ,2023-04-25 01:33:23.000000 ,2009-07-14 04:48:58.000000 ,N/A
1,0x882eb0b0,FILE,16044,2,File,Archive,FILE_NAME,2023-04-25 01:33:23.000000 ,2023-04-25 01:33:23.000000 ,2023-04-25 01:33:23.000000 ,2023-04-25 01:33:23.000000 ,0DBA7C~1.CAT
1,0x882eb128,FILE,16044,2,File,Archive,FILE_NAME,2023-04-25 01:33:23.000000 ,2023-04-25 01:33:23.000000 ,2023-04-25 01:33:23.000000 ,2023-04-25 01:33:23.000000 ,0dba7ce00969ac2f154b4b9c5e08022ef40125c16a3bf84509b6d17ec623225f.cat
0,0x882eb450,FILE,16045,2,File,N/A,STANDARD_INFORMATION,2009-07-14 04:49:04.000000 ,2009-07-14 02:22:29.000000 ,2023-04-25 01:33:23.000000 ,2009-07-14 04:49:04.000000 ,N/A
1,0x882eb4b0,FILE,16045,2,File,Archive,FILE_NAME,2023-04-25 01:33:23.000000 ,2023-04-25 01:33:23.000000 ,2023-04-25 01:33:23.000000 ,2023-04-25 01:33:23.000000 ,Microsoft-Windows-Help-CoreClientUAHP-Package~31bf3856ad364e35~x86~~6.1.7600.16385.cat
1,0x882eb5b8,FILE,16045,2,File,Archive,FILE_NAME,2023-04-25 01:33:23.000000 ,2023-04-25 01:33:23.000000 ,2023-04-25 01:33:23.000000 ,2023-04-25 01:33:23.000000 ,MI8DF6~1.CAT
0,0x882eb850,FILE,16046,1,File,N/A,STANDARD_INFORMATION,2023-04-24 14:38:32.000000 ,2023-04-24 14:38:32.000000 ,2023-04-24 14:38:32.000000 ,2023-04-24 14:38:32.000000 ,N/A
1,0x882eb8b0,FILE,16046,1,File,Archive,FILE_NAME,2023-04-24 14:38:32.000000 ,2023-04-24 14:38:32.000000 ,2023-04-24 14:38:32.000000 ,2023-04-24 14:38:32.000000 ,CiPT0000.001
0,0x882ebc50,FILE,16047,1,File,N/A,STANDARD_INFORMATION,2023-04-24 14:38:32.000000 ,2023-04-24 14:38:32.000000 ,2023-04-24 14:38:32.000000 ,2023-04-24 14:38:32.000000 ,N/A
1,0x882ebcb0,FILE,16047,1,File,Archive,FILE_NAME,2023-04-24 14:38:32.000000 ,2023-04-24 14:38:32.000000 ,2023-04-24 14:38:32.000000 ,2023-04-24 14:38:32.000000 ,CiPT0000.002
0,0x882ee050,FILE,16056,2,File,N/A,STANDARD_INFORMATION,2010-11-20 21:28:29.000000 ,2010-11-20 16:34:04.000000 ,2023-04-25 01:33:23.000000 ,2010-11-20 21:28:29.000000 ,N/A
1,0x882ee0b0,FILE,16056,2,File,Archive,FILE_NAME,2023-04-25 01:33:23.000000 ,2023-04-25 01:33:23.000000 ,2023-04-25 01:33:23.000000 ,2023-04-25 01:33:23.000000 ,Microsoft-Windows-Help-CoreClientUAPE-Package~31bf3856ad364e35~x86~en-US~6.1.7601.17514.cat
1,0x882ee1c0,FILE,16056,2,File,Archive,FILE_NAME,2023-04-25 01:33:23.000000 ,2023-04-25 01:33:23.000000 ,2023-04-25 01:33:23.000000 ,2023-04-25 01:33:23.000000 ,MI9A02~1.CAT
0,0x882ee450,FILE,16057,2,File,N/A,STANDARD_INFORMATION,2023-04-24 14:38:49.000000 ,2009-07-14 04:37:42.000000 ,2023-04-24 14:38:49.000000 ,2023-04-24 14:38:49.000000 ,N/A
1,0x882ee4b0,FILE,16057,2,File,Archive,FILE_NAME,2023-04-24 14:38:49.000000 ,2023-04-24 14:38:49.000000 ,2023-04-24 14:38:49.000000 ,2023-04-24 14:38:49.000000 ,WINDOW~1.LNK
1,0x882ee528,FILE,16057,2,File,Archive,FILE_NAME,2023-04-24 14:38:49.000000 ,2023-04-24 14:38:49.000000 ,2023-04-24 14:38:49.000000 ,2023-04-24 14:38:49.000000 ,Windows Explorer.lnk
0,0x882ee850,FILE,16058,2,File,N/A,STANDARD_INFORMATION,2023-04-24 14:38:49.000000 ,2023-04-24 14:38:49.000000 ,1630-08-22 09:43:48.000000 ,2023-04-24 14:38:49.000000 ,N/A
1,0x882ee8b0,FILE,16058,2,File,Archive,FILE_NAME,2023-04-24 14:38:49.000000 ,2023-04-24 14:38:49.000000 ,2023-04-24 14:38:49.000000 ,2023-04-24 14:38:49.000000 ,FWLINK~1
1,0x882ee920,FILE,16058,2,File,Archive,FILE_NAME,2023-04-24 14:38:49.000000 ,2023-04-24 14:38:49.000000 ,2023-04-24 14:38:49.000000 ,2023-04-24 14:38:49.000000 ,fwlink[1]
0,0x882eec50,FILE,16059,2,File,N/A,STANDARD_INFORMATION,2009-07-14 04:48:57.000000 ,2009-07-14 04:48:57.000000 ,2023-04-25 01:33:23.000000 ,2009-07-14 04:48:57.000000 ,N/A
1,0x882eecb0,FILE,16059,2,File,Archive,FILE_NAME,2023-04-25 01:33:23.000000 ,2023-04-25 01:33:23.000000 ,2023-04-25 01:33:23.000000 ,2023-04-25 01:33:23.000000 ,37F3B6~1.CAT
1,0x882eed28,FILE,16059,2,File,Archive,FILE_NAME,2023-04-25 01:33:23.000000 ,2023-04-25 01:33:23.000000 ,2023-04-25 01:33:23.000000 ,2023-04-25 01:33:23.000000 ,37f3b6441b7b4d2859cb96493eb61b0996f35e93e55895f3d0a49a8e33e7f539.cat
0,0x882f0050,FILE,16064,2,File,N/A,STANDARD_INFORMATION,2010-11-20 21:27:00.000000 ,2010-11-20 15:32:46.000000 ,2023-04-25 01:33:23.000000 ,2010-11-20 21:27:00.000000 ,N/A
1,0x882f00b0,FILE,16064,2,File,Archive,FILE_NAME,2023-04-25 01:33:23.000000 ,2023-04-25 01:33:23.000000 ,2023-04-25 01:33:23.000000 ,2023-04-25 01:33:23.000000 ,Microsoft-Windows-Help-CoreClientUAPE-Package~31bf3856ad364e35~x86~~6.1.7601.17514.cat
1,0x882f01b8,FILE,16064,2,File,Archive,FILE_NAME,2023-04-25 01:33:23.000000 ,2023-04-25 01:33:23.000000 ,2023-04-25 01:33:23.000000 ,2023-04-25 01:33:23.000000 ,MI3D65~1.CAT
0,0x882f0450,FILE,16065,2,DirInUse,N/A,STANDARD_INFORMATION,2023-04-24 14:38:50.000000 ,2023-04-24 14:51:31.000000 ,2023-04-24 14:51:31.000000 ,2023-04-24 14:51:31.000000 ,N/A
1,0x882f04b0,FILE,16065,2,DirInUse,0x0,FILE_NAME,2023-04-24 14:38:50.000000 ,2023-04-24 14:38:50.000000 ,2023-04-24 14:38:50.000000 ,2023-04-24 14:38:50.000000 ,AUTOMA~1
1,0x882f0520,FILE,16065,2,DirInUse,0x0,FILE_NAME,2023-04-24 14:38:50.000000 ,2023-04-24 14:38:50.000000 ,2023-04-24 14:38:50.000000 ,2023-04-24 14:38:50.000000 ,AutomaticDestinations
0,0x882f0850,FILE,16066,2,File,N/A,STANDARD_INFORMATION,2023-04-24 14:38:49.000000 ,2023-04-24 14:38:49.000000 ,1630-08-25 03:35:10.000000 ,2023-04-24 14:38:49.000000 ,N/A
1,0x882f08b0,FILE,16066,2,File,Archive,FILE_NAME,2023-04-24 14:38:49.000000 ,2023-04-24 14:38:49.000000 ,2023-04-24 14:38:49.000000 ,2023-04-24 14:38:49.000000 ,FWLINK~1
1,0x882f0920,FILE,16066,2,File,Archive,FILE_NAME,2023-04-24 14:38:49.000000 ,2023-04-24 14:38:49.000000 ,2023-04-24 14:38:49.000000 ,2023-04-24 14:38:49.000000 ,fwlink[1]
0,0x882f0c50,FILE,16067,2,File,N/A,STANDARD_INFORMATION,2009-07-14 04:56:02.000000 ,2009-07-14 03:20:34.000000 ,2023-04-25 01:33:23.000000 ,2009-07-14 04:56:02.000000 ,N/A
1,0x882f0cb0,FILE,16067,2,File,Archive,FILE_NAME,2023-04-25 01:33:23.000000 ,2023-04-25 01:33:23.000000 ,2023-04-25 01:33:23.000000 ,2023-04-25 01:33:23.000000 ,Microsoft-Windows-Help-CoreClientUAPS-Package~31bf3856ad364e35~x86~en-US~6.1.7600.16385.cat
1,0x882f0dc0,FILE,16067,2,File,Archive,FILE_NAME,2023-04-25 01:33:23.000000 ,2023-04-25 01:33:23.000000 ,2023-04-25 01:33:23.000000 ,2023-04-25 01:33:23.000000 ,MI2AE6~1.CAT
0,0x882f1050,FILE,16068,2,File,N/A,STANDARD_INFORMATION,2023-04-24 14:38:50.000000 ,2023-04-24 14:59:24.000000 ,2023-04-24 14:59:24.000000 ,2023-04-24 14:38:50.000000 ,N/A
1,0x882f10b0,FILE,16068,2,File,Archive,FILE_NAME,2023-04-24 14:38:50.000000 ,2023-04-24 14:38:50.000000 ,2023-04-24 14:38:50.000000 ,2023-04-24 14:38:50.000000 ,1B4DD6~1.AUT
1,0x882f1128,FILE,16068,2,File,Archive,FILE_NAME,2023-04-24 14:38:50.000000 ,2023-04-24 14:38:50.000000 ,2023-04-24 14:38:50.000000 ,2023-04-24 14:38:50.000000 ,1b4dd67f29cb1962.automaticDestinations-ms
0,0x882f1450,FILE,16069,2,File,N/A,STANDARD_INFORMATION,2023-04-24 14:38:49.000000 ,2023-04-24 14:38:49.000000 ,2023-04-24 14:38:49.000000 ,2023-04-24 14:38:49.000000 ,N/A
1,0x882f14b0,FILE,16069,2,File,Archive,FILE_NAME,2023-04-24 14:38:49.000000 ,2023-04-24 14:38:49.000000 ,2023-04-24 14:38:49.000000 ,2023-04-24 14:38:49.000000 ,WEBSLI~1.URL
1,0x882f1528,FILE,16069,2,File,Archive,FILE_NAME,2023-04-24 14:38:49.000000 ,2023-04-24 14:38:49.000000 ,2023-04-24 14:38:49.000000 ,2023-04-24 14:38:49.000000 ,Web Slice Gallery.url
0,0x882f1850,FILE,16070,2,File,N/A,STANDARD_INFORMATION,2010-11-21 00:37:58.000000 ,2010-11-21 00:37:58.000000 ,2023-04-25 01:33:23.000000 ,2010-11-21 00:38:18.000000 ,N/A
1,0x882f18b0,FILE,16070,2,File,Archive,FILE_NAME,2023-04-25 01:33:23.000000 ,2023-04-25 01:33:23.000000 ,2023-04-25 01:33:23.000000 ,2023-04-25 01:33:23.000000 ,D698B4~1.CAT
1,0x882f1928,FILE,16070,2,File,Archive,FILE_NAME,2023-04-25 01:33:23.000000 ,2023-04-25 01:33:23.000000 ,2023-04-25 01:33:23.000000 ,2023-04-25 01:33:23.000000 ,d698b455154e18639802c0cabb2affb1ddf0e94bbbbc12665225810db9a1716d.cat
0,0x882f1c50,FILE,16071,2,File,N/A,STANDARD_INFORMATION,2010-11-20 21:28:30.000000 ,2010-11-20 16:34:10.000000 ,2023-04-25 01:33:23.000000 ,2010-11-20 21:28:30.000000 ,N/A
1,0x882f1cb0,FILE,16071,2,File,Archive,FILE_NAME,2023-04-25 01:33:23.000000 ,2023-04-25 01:33:23.000000 ,2023-04-25 01:33:23.000000 ,2023-04-25 01:33:23.000000 ,Microsoft-Windows-Help-CoreClientUAPS-Package~31bf3856ad364e35~x86~en-US~6.1.7601.17514.cat
1,0x882f1dc0,FILE,16071,2,File,Archive,FILE_NAME,2023-04-25 01:33:23.000000 ,2023-04-25 01:33:23.000000 ,2023-04-25 01:33:23.000000 ,2023-04-25 01:33:23.000000 ,MI37F3~1.CAT
0,0x882f6050,FILE,16088,1,DirInUse,N/A,STANDARD_INFORMATION,2023-04-24 14:38:50.000000 ,2023-04-24 14:38:50.000000 ,2023-04-24 14:38:50.000000 ,2023-04-24 14:38:50.000000 ,N/A
1,0x882f60b0,FILE,16088,1,DirInUse,0x0,FILE_NAME,2023-04-24 14:38:50.000000 ,2023-04-24 14:38:50.000000 ,2023-04-24 14:38:50.000000 ,2023-04-24 14:38:50.000000 ,Burn
0,0x882f6450,FILE,16089,2,File,N/A,STANDARD_INFORMATION,2009-07-14 04:48:58.000000 ,2009-07-14 04:48:58.000000 ,2023-04-25 01:33:23.000000 ,2009-07-14 04:48:58.000000 ,N/A
1,0x882f64b0,FILE,16089,2,File,Archive,FILE_NAME,2023-04-25 01:33:23.000000 ,2023-04-25 01:33:23.000000 ,2023-04-25 01:33:23.000000 ,2023-04-25 01:33:23.000000 ,87F39C~1.CAT
1,0x882f6528,FILE,16089,2,File,Archive,FILE_NAME,2023-04-25 01:33:23.000000 ,2023-04-25 01:33:23.000000 ,2023-04-25 01:33:23.000000 ,2023-04-25 01:33:23.000000 ,87f39c21994364410b88694a68582dfd844e2d25b9066e92c26735d99abaa271.cat
0,0x882f6850,FILE,16090,2,File,N/A,STANDARD_INFORMATION,2009-07-14 04:49:04.000000 ,2009-07-14 02:22:18.000000 ,2023-04-25 01:33:23.000000 ,2009-07-14 04:49:04.000000 ,N/A
