1,0x8a426920,FILE,42394,2,File,Archive,FILE_NAME,2023-04-25 00:37:28.000000 ,2023-04-25 00:37:28.000000 ,2023-04-25 00:37:28.000000 ,2023-04-25 00:37:28.000000 ,Microsoft-Windows-DiskDiagnosticResolver
0,0x8a426c50,FILE,42395,2,File,N/A,STANDARD_INFORMATION,2023-04-25 00:37:28.000000 ,2023-04-25 00:37:28.000000 ,2023-04-25 00:37:28.000000 ,2023-04-25 00:37:28.000000 ,N/A
1,0x8a426cb0,FILE,42395,2,File,Archive,FILE_NAME,2023-04-25 00:37:28.000000 ,2023-04-25 00:37:28.000000 ,2023-04-25 00:37:28.000000 ,2023-04-25 00:37:28.000000 ,9CA067~1
1,0x8a426d20,FILE,42395,2,File,Archive,FILE_NAME,2023-04-25 00:37:28.000000 ,2023-04-25 00:37:28.000000 ,2023-04-25 00:37:28.000000 ,2023-04-25 00:37:28.000000 ,9ca06787-f61b-4294-8866-dcef430c99ea
0,0x8a427050,FILE,42396,2,File,N/A,STANDARD_INFORMATION,2023-04-25 00:37:28.000000 ,2023-04-25 00:37:28.000000 ,2023-04-24 14:41:40.000000 ,2023-04-25 00:37:28.000000 ,N/A
1,0x8a4270b0,FILE,42396,2,File,Archive,FILE_NAME,2023-04-25 00:37:28.000000 ,2023-04-25 00:37:28.000000 ,2023-04-25 00:37:28.000000 ,2023-04-25 00:37:28.000000 ,BFSVCE~1.PF
1,0x8a427120,FILE,42396,2,File,Archive,FILE_NAME,2023-04-25 00:37:28.000000 ,2023-04-25 00:37:28.000000 ,2023-04-25 00:37:28.000000 ,2023-04-25 00:37:28.000000 ,BFSVC.EXE-A870E999.pf
0,0x8a427450,FILE,42397,2,File,N/A,STANDARD_INFORMATION,2023-04-25 00:37:28.000000 ,2023-04-25 00:37:32.000000 ,2023-04-24 14:41:40.000000 ,2023-04-25 00:37:28.000000 ,N/A
1,0x8a4274b0,FILE,42397,2,File,Archive,FILE_NAME,2023-04-25 00:37:28.000000 ,2023-04-25 00:37:28.000000 ,2023-04-25 00:37:28.000000 ,2023-04-25 00:37:28.000000 ,CONHOS~1.PF
1,0x8a427520,FILE,42397,2,File,Archive,FILE_NAME,2023-04-25 00:37:28.000000 ,2023-04-25 00:37:28.000000 ,2023-04-25 00:37:28.000000 ,2023-04-25 00:37:28.000000 ,CONHOST.EXE-3218E401.pf
0,0x8a427850,FILE,42398,1,File,N/A,STANDARD_INFORMATION,2023-04-25 00:37:28.000000 ,2023-04-25 00:37:28.000000 ,2023-04-25 00:37:28.000000 ,2023-04-25 00:37:28.000000 ,N/A
1,0x8a4278b0,FILE,42398,1,File,Archive,FILE_NAME,2023-04-25 00:37:28.000000 ,2023-04-25 00:37:28.000000 ,2023-04-25 00:37:28.000000 ,2023-04-25 00:37:28.000000 ,TS_4AB7.tmp
0,0x8a427c50,FILE,42399,1,DirInUse,N/A,STANDARD_INFORMATION,2023-04-25 00:37:28.000000 ,2023-04-25 00:37:28.000000 ,2023-04-25 00:37:28.000000 ,2023-04-25 00:37:28.000000 ,N/A
1,0x8a427cb0,FILE,42399,1,DirInUse,0x0,FILE_NAME,2023-04-25 00:37:28.000000 ,2023-04-25 00:37:28.000000 ,2023-04-25 00:37:28.000000 ,2023-04-25 00:37:28.000000 ,MobilePC
0,0x8a428050,FILE,42400,1,File,N/A,STANDARD_INFORMATION,2023-04-25 00:37:28.000000 ,2023-04-25 00:37:28.000000 ,2023-04-25 00:37:28.000000 ,2023-04-25 00:37:28.000000 ,N/A
1,0x8a4280b0,FILE,42400,1,File,Archive,FILE_NAME,2023-04-25 00:37:28.000000 ,2023-04-25 00:37:28.000000 ,2023-04-25 00:37:28.000000 ,2023-04-25 00:37:28.000000 ,HotStart
0,0x8a428450,FILE,42401,2,File,N/A,STANDARD_INFORMATION,2023-04-25 00:37:28.000000 ,2023-04-24 14:41:39.000000 ,2023-04-24 14:41:39.000000 ,2023-04-25 00:37:28.000000 ,N/A
1,0x8a4284b0,FILE,42401,2,File,Archive,FILE_NAME,2023-04-25 00:37:28.000000 ,2023-04-25 00:37:28.000000 ,2023-04-25 00:37:28.000000 ,2023-04-25 00:37:28.000000 ,50519B~1
1,0x8a428520,FILE,42401,2,File,Archive,FILE_NAME,2023-04-25 00:37:28.000000 ,2023-04-25 00:37:28.000000 ,2023-04-25 00:37:28.000000 ,2023-04-25 00:37:28.000000 ,50519be9-42ef-4d93-b2a4-fb396df3a470
0,0x8a428850,FILE,42402,2,File,N/A,STANDARD_INFORMATION,2023-04-25 00:37:28.000000 ,2023-04-25 00:37:28.000000 ,2023-04-24 14:38:38.000000 ,2023-04-25 00:37:28.000000 ,N/A
1,0x8a4288b0,FILE,42402,2,File,Archive,FILE_NAME,2023-04-25 00:37:28.000000 ,2023-04-25 00:37:28.000000 ,2023-04-25 00:37:28.000000 ,2023-04-25 00:37:28.000000 ,MOBILI~1.LNK
1,0x8a428928,FILE,42402,2,File,Archive,FILE_NAME,2023-04-25 00:37:28.000000 ,2023-04-25 00:37:28.000000 ,2023-04-25 00:37:28.000000 ,2023-04-25 00:37:28.000000 ,Mobility Center.lnk
0,0x8a428c50,FILE,42403,2,File,N/A,STANDARD_INFORMATION,2017-02-10 23:04:22.000000 ,2017-02-10 23:04:22.000000 ,2023-04-24 14:40:15.000000 ,2023-04-24 14:40:15.000000 ,N/A
1,0x8a428cb0,FILE,42403,2,File,Archive,FILE_NAME,2023-04-24 14:40:15.000000 ,2023-04-24 14:40:15.000000 ,2023-04-24 14:40:15.000000 ,2023-04-24 14:40:15.000000 ,TPVMMO~4.DLL
1,0x8a428d28,FILE,42403,2,File,Archive,FILE_NAME,2023-04-24 14:40:15.000000 ,2023-04-24 14:40:15.000000 ,2023-04-24 14:40:15.000000 ,2023-04-24 14:40:15.000000 ,TPVMMonUIdeu.dll
0,0x8a429050,FILE,42404,2,File,N/A,STANDARD_INFORMATION,2017-02-10 23:04:24.000000 ,2017-02-10 23:04:24.000000 ,2023-04-24 14:40:15.000000 ,2023-04-24 14:40:15.000000 ,N/A
1,0x8a4290b0,FILE,42404,2,File,Archive,FILE_NAME,2023-04-24 14:40:15.000000 ,2023-04-24 14:40:15.000000 ,2023-04-24 14:40:15.000000 ,2023-04-24 14:40:15.000000 ,TP65DD~1.DLL
1,0x8a429128,FILE,42404,2,File,Archive,FILE_NAME,2023-04-24 14:40:15.000000 ,2023-04-24 14:40:15.000000 ,2023-04-24 14:40:15.000000 ,2023-04-24 14:40:15.000000 ,TPVMMonUIjpn.dll
0,0x8a429450,FILE,42405,1,File,N/A,STANDARD_INFORMATION,2017-02-10 23:04:22.000000 ,2017-02-10 23:04:22.000000 ,2023-04-24 14:40:15.000000 ,2023-04-24 14:40:15.000000 ,N/A
1,0x8a4294b0,FILE,42405,1,File,Archive,FILE_NAME,2023-04-24 14:40:15.000000 ,2023-04-24 14:40:15.000000 ,2023-04-24 14:40:15.000000 ,2023-04-24 14:40:15.000000 ,TPVMW32.dll
0,0x8a429850,FILE,42406,1,File,N/A,STANDARD_INFORMATION,2017-02-10 23:04:22.000000 ,2017-02-10 23:04:22.000000 ,2023-04-24 14:40:15.000000 ,2023-04-24 14:40:15.000000 ,N/A
1,0x8a4298b0,FILE,42406,1,File,Archive,FILE_NAME,2023-04-24 14:40:15.000000 ,2023-04-24 14:40:15.000000 ,2023-04-24 14:40:15.000000 ,2023-04-24 14:40:15.000000 ,TPWinprn.dll
0,0x8a429c50,FILE,42407,2,File,N/A,STANDARD_INFORMATION,2017-02-10 23:44:22.000000 ,2017-02-10 23:44:22.000000 ,2023-04-24 14:40:16.000000 ,2023-04-24 14:40:16.000000 ,N/A
1,0x8a429cb0,FILE,42407,2,File,Archive,FILE_NAME,2023-04-24 14:40:16.000000 ,2023-04-24 14:40:16.000000 ,2023-04-24 14:40:16.000000 ,2023-04-24 14:40:16.000000 ,VMGUES~1.DLL
1,0x8a429d28,FILE,42407,2,File,Archive,FILE_NAME,2023-04-24 14:40:16.000000 ,2023-04-24 14:40:16.000000 ,2023-04-24 14:40:16.000000 ,2023-04-24 14:40:16.000000 ,vmGuestLib.dll
0,0x8a47a050,FILE,20968,1,File,N/A,STANDARD_INFORMATION,2009-07-14 04:34:47.000000 ,2023-04-24 14:41:41.000000 ,2023-04-24 14:41:41.000000 ,2010-11-20 21:28:44.000000 ,N/A
1,0x8a47a0b0,FILE,20968,1,File,Archive,FILE_NAME,2009-07-14 04:34:47.000000 ,2023-04-24 14:40:36.000000 ,2023-04-24 14:40:36.000000 ,2010-11-20 21:28:44.000000 ,edb.log
0,0x8a47a450,FILE,20969,1,File,N/A,STANDARD_INFORMATION,2009-07-14 04:34:47.000000 ,2023-04-24 14:40:36.000000 ,2023-04-24 14:40:36.000000 ,2010-11-20 21:28:38.000000 ,N/A
1,0x8a47a4b0,FILE,20969,1,File,Archive,FILE_NAME,2009-07-14 04:34:47.000000 ,2023-04-24 14:40:36.000000 ,2023-04-24 14:40:36.000000 ,2010-11-20 21:28:38.000000 ,edb0033A.log
0,0x8a47a850,FILE,20970,2,File,N/A,STANDARD_INFORMATION,2023-04-25 00:35:37.000000 ,2023-04-24 14:39:06.000000 ,2023-04-24 14:41:40.000000 ,2023-04-25 00:35:37.000000 ,N/A
1,0x8a47a8b0,FILE,20970,2,File,Archive,FILE_NAME,2023-04-25 00:35:37.000000 ,2023-04-25 00:35:37.000000 ,2023-04-25 00:35:37.000000 ,2023-04-25 00:35:37.000000 ,NTOSBO~1.PF
1,0x8a47a920,FILE,20970,2,File,Archive,FILE_NAME,2023-04-25 00:35:37.000000 ,2023-04-25 00:35:37.000000 ,2023-04-25 00:35:37.000000 ,2023-04-25 00:35:37.000000 ,NTOSBOOT-B00DFAAD.pf
0,0x8a47ac50,FILE,20971,2,File,N/A,STANDARD_INFORMATION,2023-04-25 00:35:41.000000 ,2023-04-25 00:35:45.000000 ,2023-04-24 14:41:40.000000 ,2023-04-25 00:35:41.000000 ,N/A
1,0x8a47acb0,FILE,20971,2,File,Archive,FILE_NAME,2023-04-25 00:35:41.000000 ,2023-04-25 00:35:41.000000 ,2023-04-25 00:35:41.000000 ,2023-04-25 00:35:41.000000 ,DRVINS~1.PF
1,0x8a47ad20,FILE,20971,2,File,Archive,FILE_NAME,2023-04-25 00:35:41.000000 ,2023-04-25 00:35:41.000000 ,2023-04-25 00:35:41.000000 ,2023-04-25 00:35:41.000000 ,DRVINST.EXE-5F8E77CD.pf
0,0x8a47b850,FILE,20974,2,DirInUse,N/A,STANDARD_INFORMATION,2023-04-25 00:36:13.000000 ,2023-04-25 00:36:13.000000 ,2023-04-25 00:36:13.000000 ,2023-04-25 00:36:13.000000 ,N/A
1,0x8a47b8b0,FILE,20974,2,DirInUse,0x0,FILE_NAME,2023-04-25 00:36:13.000000 ,2023-04-25 00:36:13.000000 ,2023-04-25 00:36:13.000000 ,2023-04-25 00:36:13.000000 ,NONCRI~1
1,0x8a47b920,FILE,20974,2,DirInUse,0x0,FILE_NAME,2023-04-25 00:36:13.000000 ,2023-04-25 00:36:13.000000 ,2023-04-25 00:36:13.000000 ,2023-04-25 00:36:13.000000 ,NonCritical_x86_f798d2f057d38094f597ee5b2ac850417ab4a15d_cab_03f92625
0,0x8a47bc50,FILE,20975,1,File,N/A,STANDARD_INFORMATION,2023-04-25 00:36:13.000000 ,2023-04-25 00:36:13.000000 ,2023-04-25 00:36:13.000000 ,2023-04-25 00:36:13.000000 ,N/A
1,0x8a47bcb0,FILE,20975,1,File,Archive,FILE_NAME,2023-04-25 00:36:13.000000 ,2023-04-25 00:36:13.000000 ,2023-04-25 00:36:13.000000 ,2023-04-25 00:36:13.000000 ,Report.wer
0,0x8a47e050,FILE,20984,2,File,N/A,STANDARD_INFORMATION,2023-04-25 00:36:42.000000 ,2023-04-24 14:41:42.000000 ,2023-04-24 14:41:42.000000 ,2023-04-25 00:36:42.000000 ,N/A
1,0x8a47e0b0,FILE,20984,2,File,Archive,FILE_NAME,2023-04-25 00:36:42.000000 ,2023-04-25 00:36:42.000000 ,2023-04-25 00:36:42.000000 ,2023-04-25 00:36:42.000000 ,MIFC66~1.EVT
1,0x8a47e128,FILE,20984,2,File,Archive,FILE_NAME,2023-04-25 00:36:42.000000 ,2023-04-25 00:36:42.000000 ,2023-04-25 00:36:42.000000 ,2023-04-25 00:36:42.000000 ,Microsoft-Windows-NetworkProfile%4Operational.evtx
0,0x8a47e450,FILE,20985,2,File,N/A,STANDARD_INFORMATION,2023-04-25 00:36:42.000000 ,2023-04-25 00:37:45.000000 ,2023-04-25 00:37:45.000000 ,2023-04-25 00:36:42.000000 ,N/A
1,0x8a47e4b0,FILE,20985,2,File,Archive,FILE_NAME,2023-04-25 00:36:42.000000 ,2023-04-25 00:36:42.000000 ,2023-04-25 00:36:42.000000 ,2023-04-25 00:36:42.000000 ,MIDCC7~1.EVT
1,0x8a47e528,FILE,20985,2,File,Archive,FILE_NAME,2023-04-25 00:36:42.000000 ,2023-04-25 00:36:42.000000 ,2023-04-25 00:36:42.000000 ,2023-04-25 00:36:42.000000 ,Microsoft-Windows-Windows Firewall With Advanced Security%4ConnectionSecurity.evtx
0,0x8a47e850,FILE,20986,1,File,N/A,STANDARD_INFORMATION,2010-11-20 21:29:03.000000 ,2010-11-20 21:29:03.000000 ,2023-04-25 00:37:00.000000 ,2010-11-20 21:29:03.000000 ,N/A
1,0x8a47e8b0,FILE,20986,1,File,Archive,FILE_NAME,2010-11-20 21:29:03.000000 ,2010-11-20 21:29:03.000000 ,2023-04-25 00:37:00.000000 ,2010-11-20 21:29:03.000000 ,HdAudio.sys
0,0x8a47ec50,FILE,20987,1,File,N/A,STANDARD_INFORMATION,2009-07-13 23:51:06.000000 ,2009-07-14 00:41:37.000000 ,2023-04-25 00:37:04.000000 ,2009-07-13 23:51:06.000000 ,N/A
1,0x8a47ecb0,FILE,20987,1,File,Archive,FILE_NAME,2009-07-13 23:51:06.000000 ,2009-07-14 00:41:37.000000 ,2023-04-25 00:37:00.000000 ,2009-07-13 23:51:06.000000 ,drmk.sys
0,0x8a483050,FILE,42508,1,DirInUse,N/A,STANDARD_INFORMATION,2023-04-24 14:40:26.000000 ,2023-04-24 14:40:26.000000 ,2023-04-24 14:40:26.000000 ,2023-04-24 14:40:26.000000 ,N/A
1,0x8a4830b0,FILE,42508,1,DirInUse,0x0,FILE_NAME,2023-04-24 14:40:26.000000 ,2023-04-24 14:40:26.000000 ,2023-04-24 14:40:26.000000 ,2023-04-24 14:40:26.000000 ,virtual
0,0x8a483450,FILE,42509,2,File,N/A,STANDARD_INFORMATION,2023-04-24 14:40:26.000000 ,2023-04-24 14:41:42.000000 ,2023-04-24 14:41:42.000000 ,2023-04-24 14:40:26.000000 ,N/A
1,0x8a4834b0,FILE,42509,2,File,Archive,FILE_NAME,2023-04-24 14:40:26.000000 ,2023-04-24 14:40:26.000000 ,2023-04-24 14:40:26.000000 ,2023-04-24 14:40:26.000000 ,LOGFIL~1.0
1,0x8a483520,FILE,42509,2,File,Archive,FILE_NAME,2023-04-24 14:40:26.000000 ,2023-04-24 14:40:26.000000 ,2023-04-24 14:40:26.000000 ,2023-04-24 14:40:26.000000 ,logfile.txt.0
0,0x8a483850,FILE,42510,2,DirInUse,N/A,STANDARD_INFORMATION,2023-04-24 14:40:26.000000 ,2023-04-24 14:40:26.000000 ,2023-04-24 14:40:26.000000 ,2023-04-24 14:40:26.000000 ,N/A
1,0x8a4838b0,FILE,42510,2,DirInUse,0x0,FILE_NAME,2023-04-24 14:40:26.000000 ,2023-04-24 14:40:26.000000 ,2023-04-24 14:40:26.000000 ,2023-04-24 14:40:26.000000 ,ALIASS~1
1,0x8a483920,FILE,42510,2,DirInUse,0x0,FILE_NAME,2023-04-24 14:40:26.000000 ,2023-04-24 14:40:26.000000 ,2023-04-24 14:40:26.000000 ,2023-04-24 14:40:26.000000 ,aliasStore
0,0x8a483c50,FILE,42511,2,File,N/A,STANDARD_INFORMATION,2023-04-24 14:40:26.000000 ,2023-04-24 14:40:26.000000 ,2023-04-24 14:41:40.000000 ,2023-04-24 14:40:26.000000 ,N/A
1,0x8a483cb0,FILE,42511,2,File,Archive,FILE_NAME,2023-04-24 14:40:26.000000 ,2023-04-24 14:40:26.000000 ,2023-04-24 14:40:26.000000 ,2023-04-24 14:40:26.000000 ,SPOOLS~1.PF
1,0x8a483d20,FILE,42511,2,File,Archive,FILE_NAME,2023-04-24 14:40:26.000000 ,2023-04-24 14:40:26.000000 ,2023-04-24 14:40:26.000000 ,2023-04-24 14:40:26.000000 ,SPOOLSV.EXE-E4D0FF39.pf
0,0x8a484050,FILE,42512,1,File,N/A,STANDARD_INFORMATION,2023-04-24 14:40:36.000000 ,2023-04-24 14:40:36.000000 ,2023-04-24 14:40:36.000000 ,2023-04-24 14:40:36.000000 ,N/A
1,0x8a4840b0,FILE,42512,1,File,Archive,FILE_NAME,2023-04-24 14:40:36.000000 ,2023-04-24 14:40:36.000000 ,2023-04-24 14:40:36.000000 ,2023-04-24 14:40:36.000000 ,oem5.PNF
0,0x8a484450,FILE,42513,2,File,N/A,STANDARD_INFORMATION,2023-04-24 14:40:27.000000 ,2023-04-24 14:41:14.000000 ,2023-04-24 14:41:14.000000 ,2023-04-24 14:40:27.000000 ,N/A
1,0x8a4844b0,FILE,42513,2,File,Archive,FILE_NAME,2023-04-24 14:40:27.000000 ,2023-04-24 14:40:27.000000 ,2023-04-24 14:40:27.000000 ,2023-04-24 14:40:27.000000 ,MI7501~1.EVT
1,0x8a484528,FILE,42513,2,File,Archive,FILE_NAME,2023-04-24 14:40:27.000000 ,2023-04-24 14:40:27.000000 ,2023-04-24 14:40:27.000000 ,2023-04-24 14:40:27.000000 ,Microsoft-Windows-Windows Defender%4Operational.evtx
0,0x8a484850,FILE,42514,2,File,N/A,STANDARD_INFORMATION,2023-04-24 14:40:28.000000 ,2023-04-24 14:41:38.000000 ,2023-04-24 14:41:38.000000 ,2023-04-24 14:40:28.000000 ,N/A
1,0x8a4848b0,FILE,42514,2,File,Archive,FILE_NAME,2023-04-24 14:40:28.000000 ,2023-04-24 14:40:28.000000 ,2023-04-24 14:40:28.000000 ,2023-04-24 14:40:28.000000 ,MIF226~1.EVT
1,0x8a484928,FILE,42514,2,File,Archive,FILE_NAME,2023-04-24 14:40:28.000000 ,2023-04-24 14:40:28.000000 ,2023-04-24 14:40:28.000000 ,2023-04-24 14:40:28.000000 ,Microsoft-Windows-Windows Defender%4WHC.evtx
0,0x8a484c50,FILE,42515,1,File,N/A,STANDARD_INFORMATION,2023-04-24 14:40:32.000000 ,2017-02-10 23:47:24.000000 ,2023-04-24 14:40:32.000000 ,2023-04-24 14:40:32.000000 ,N/A
1,0x8a484cb0,FILE,42515,1,File,Archive,FILE_NAME,2023-04-24 14:40:32.000000 ,2023-04-24 14:40:32.000000 ,2023-04-24 14:40:32.000000 ,2023-04-24 14:40:32.000000 ,oem5.CAT
0,0x8a485050,FILE,42516,2,File,N/A,STANDARD_INFORMATION,2023-04-24 14:40:37.000000 ,2023-04-24 14:43:51.000000 ,2023-04-24 14:43:51.000000 ,2023-04-24 14:40:37.000000 ,N/A
1,0x8a4850b0,FILE,42516,2,File,Archive,FILE_NAME,2023-04-24 14:40:37.000000 ,2023-04-24 14:40:37.000000 ,2023-04-24 14:40:37.000000 ,2023-04-24 14:40:37.000000 ,SVCHOS~4.PF
1,0x8a485120,FILE,42516,2,File,Archive,FILE_NAME,2023-04-24 14:40:37.000000 ,2023-04-24 14:40:37.000000 ,2023-04-24 14:40:37.000000 ,2023-04-24 14:40:37.000000 ,SVCHOST.EXE-18D06B2E.pf
0,0x8a485450,FILE,42517,1,File,N/A,STANDARD_INFORMATION,2023-04-24 14:40:36.000000 ,2017-02-10 23:43:18.000000 ,2023-04-24 14:40:36.000000 ,2023-04-24 14:40:36.000000 ,N/A
1,0x8a4854b0,FILE,42517,1,File,Archive,FILE_NAME,2023-04-24 14:40:36.000000 ,2023-04-24 14:40:36.000000 ,2023-04-24 14:40:36.000000 ,2023-04-24 14:40:36.000000 ,oem6.CAT
0,0x8a485850,FILE,42518,2,File,N/A,STANDARD_INFORMATION,2023-04-24 14:40:40.000000 ,2023-04-24 14:55:56.000000 ,2023-04-24 14:55:56.000000 ,2023-04-24 14:40:40.000000 ,N/A
1,0x8a4858b0,FILE,42518,2,File,Archive,FILE_NAME,2023-04-24 14:40:40.000000 ,2023-04-24 14:40:40.000000 ,2023-04-24 14:40:40.000000 ,2023-04-24 14:40:40.000000 ,WINDOW~1.LOG
1,0x8a485928,FILE,42518,2,File,Archive,FILE_NAME,2023-04-24 14:40:40.000000 ,2023-04-24 14:40:40.000000 ,2023-04-24 14:40:40.000000 ,2023-04-24 14:40:40.000000 ,WindowsUpdate.log
0,0x8a485c50,FILE,42519,1,File,N/A,STANDARD_INFORMATION,2023-04-24 14:40:44.000000 ,2023-04-24 14:40:44.000000 ,2023-04-24 14:40:44.000000 ,2023-04-24 14:40:44.000000 ,N/A
1,0x8a485cb0,FILE,42519,1,File,Archive,FILE_NAME,2023-04-24 14:40:44.000000 ,2023-04-24 14:40:44.000000 ,2023-04-24 14:40:44.000000 ,2023-04-24 14:40:44.000000 ,oem6.PNF
0,0x8a48a050,FILE,42536,2,File,N/A,STANDARD_INFORMATION,2017-02-10 23:42:40.000000 ,2017-02-10 23:42:40.000000 ,2023-04-24 14:40:45.000000 ,2023-04-24 14:40:15.000000 ,N/A
1,0x8a48a0b0,FILE,42536,2,File,Archive,FILE_NAME,2017-02-10 23:42:40.000000 ,2017-02-10 23:42:40.000000 ,2023-04-24 14:40:45.000000 ,2023-04-24 14:40:15.000000 ,VMUSBM~1.SYS
1,0x8a48a128,FILE,42536,2,File,Archive,FILE_NAME,2017-02-10 23:42:40.000000 ,2017-02-10 23:42:40.000000 ,2023-04-24 14:40:45.000000 ,2023-04-24 14:40:15.000000 ,vmusbmouse.sys
0,0x8a48a450,FILE,42537,2,File,N/A,STANDARD_INFORMATION,2023-04-24 14:49:48.000000 ,2023-04-24 14:49:48.000000 ,2023-04-24 14:49:48.000000 ,2023-04-24 14:49:48.000000 ,N/A
1,0x8a48a4b0,FILE,42537,2,File,ArchiveHiddenSystem,FILE_NAME,2023-04-24 14:49:48.000000 ,2023-04-24 14:49:48.000000 ,2023-04-24 14:49:48.000000 ,2023-04-24 14:49:48.000000 ,RECOVE~1.REG
1,0x8a48a528,FILE,42537,2,File,ArchiveHiddenSystem,FILE_NAME,2023-04-24 14:49:48.000000 ,2023-04-24 14:49:48.000000 ,2023-04-24 14:49:48.000000 ,2023-04-24 14:49:48.000000 ,Recovery.dat{188cd940-e2ae-11ed-91ec-d8fc93a830fd}.TMContainer00000000000000000001.regtrans-ms
0,0x8a48a850,FILE,42538,1,File,N/A,STANDARD_INFORMATION,2023-04-24 14:40:48.000000 ,2023-04-24 14:40:48.000000 ,2023-04-24 14:40:48.000000 ,2023-04-24 14:40:48.000000 ,N/A
1,0x8a48a8b0,FILE,42538,1,File,Archive,FILE_NAME,2023-04-24 14:40:48.000000 ,2023-04-24 14:40:48.000000 ,2023-04-24 14:40:48.000000 ,2023-04-24 14:40:48.000000 ,oem8.PNF
0,0x8a48ac50,FILE,42539,1,File,N/A,STANDARD_INFORMATION,2023-04-24 14:40:48.000000 ,2017-02-10 23:41:12.000000 ,2023-04-24 14:40:48.000000 ,2023-04-24 14:40:48.000000 ,N/A
1,0x8a48acb0,FILE,42539,1,File,Archive,FILE_NAME,2023-04-24 14:40:48.000000 ,2023-04-24 14:40:48.000000 ,2023-04-24 14:40:48.000000 ,2023-04-24 14:40:48.000000 ,oem8.CAT
0,0x8a48c050,FILE,42544,1,File,N/A,STANDARD_INFORMATION,2023-04-24 14:40:44.000000 ,2023-04-24 14:40:44.000000 ,2023-04-24 14:40:44.000000 ,2023-04-24 14:40:44.000000 ,N/A
1,0x8a48c0b0,FILE,42544,1,File,Archive,FILE_NAME,2023-04-24 14:40:44.000000 ,2023-04-24 14:40:44.000000 ,2023-04-24 14:40:44.000000 ,2023-04-24 14:40:44.000000 ,oem7.inf
0,0x8a48c450,FILE,42545,2,File,N/A,STANDARD_INFORMATION,2023-04-24 14:40:44.000000 ,2023-04-24 14:40:44.000000 ,2023-04-24 14:40:44.000000 ,2023-04-24 14:40:44.000000 ,N/A
1,0x8a48c4b0,FILE,42545,2,File,Archive,FILE_NAME,2023-04-24 14:40:44.000000 ,2023-04-24 14:40:44.000000 ,2023-04-24 14:40:44.000000 ,2023-04-24 14:40:44.000000 ,VMUSBM~1.PNF
1,0x8a48c528,FILE,42545,2,File,Archive,FILE_NAME,2023-04-24 14:40:44.000000 ,2023-04-24 14:40:44.000000 ,2023-04-24 14:40:44.000000 ,2023-04-24 14:40:44.000000 ,vmusbmouse.PNF
0,0x8a48c850,FILE,42546,1,File,N/A,STANDARD_INFORMATION,2017-02-10 23:41:10.000000 ,2017-02-10 23:41:10.000000 ,2023-04-24 14:40:48.000000 ,2023-04-24 14:40:15.000000 ,N/A
1,0x8a48c8b0,FILE,42546,1,File,Archive,FILE_NAME,2017-02-10 23:41:10.000000 ,2017-02-10 23:41:10.000000 ,2023-04-24 14:40:48.000000 ,2023-04-24 14:40:15.000000 ,vmmouse.sys
0,0x8a48cc50,FILE,42547,2,DirInUse,N/A,STANDARD_INFORMATION,2023-04-24 14:40:48.000000 ,2023-04-24 14:41:14.000000 ,2023-04-24 14:41:14.000000 ,2023-04-24 14:41:14.000000 ,N/A
1,0x8a48ccb0,FILE,42547,2,DirInUse,0x0,FILE_NAME,2023-04-24 14:40:48.000000 ,2023-04-24 14:40:48.000000 ,2023-04-24 14:40:48.000000 ,2023-04-24 14:40:48.000000 ,SOFTWA~1
1,0x8a48cd20,FILE,42547,2,DirInUse,0x0,FILE_NAME,2023-04-24 14:40:48.000000 ,2023-04-24 14:40:48.000000 ,2023-04-24 14:40:48.000000 ,2023-04-24 14:40:48.000000 ,SoftwareDistribution
0,0x8a48f050,FILE,42556,2,DirInUse,N/A,STANDARD_INFORMATION,2023-04-24 14:41:01.000000 ,2023-04-24 14:41:02.000000 ,2023-04-24 14:41:02.000000 ,2023-04-24 14:41:02.000000 ,N/A
1,0x8a48f0b0,FILE,42556,2,DirInUse,0x0,FILE_NAME,2023-04-24 14:41:01.000000 ,2023-04-24 14:41:01.000000 ,2023-04-24 14:41:01.000000 ,2023-04-24 14:41:01.000000 ,SELFUP~1
1,0x8a48f120,FILE,42556,2,DirInUse,0x0,FILE_NAME,2023-04-24 14:41:01.000000 ,2023-04-24 14:41:01.000000 ,2023-04-24 14:41:01.000000 ,2023-04-24 14:41:01.000000 ,SelfUpdate
0,0x8a48f450,FILE,42557,1,File,N/A,STANDARD_INFORMATION,2023-04-24 14:40:51.000000 ,2017-02-10 23:40:28.000000 ,2023-04-24 14:40:15.000000 ,2023-04-24 14:40:51.000000 ,N/A
1,0x8a48f4b0,FILE,42557,1,File,Archive,FILE_NAME,2023-04-24 14:40:51.000000 ,2023-04-24 14:40:51.000000 ,2023-04-24 14:40:51.000000 ,2023-04-24 14:40:51.000000 ,vmmemctl.cat
0,0x8a48f850,FILE,42558,1,File,N/A,STANDARD_INFORMATION,2023-04-24 14:40:51.000000 ,2017-02-10 23:40:28.000000 ,2023-04-24 14:40:15.000000 ,2023-04-24 14:40:51.000000 ,N/A
1,0x8a48f8b0,FILE,42558,1,File,Archive,FILE_NAME,2023-04-24 14:40:51.000000 ,2023-04-24 14:40:51.000000 ,2023-04-24 14:40:51.000000 ,2023-04-24 14:40:51.000000 ,vmmemctl.sys
0,0x8a48fc50,FILE,42559,1,File,N/A,STANDARD_INFORMATION,2023-04-24 14:40:51.000000 ,2017-02-10 23:40:28.000000 ,2023-04-24 14:40:51.000000 ,2023-04-24 14:40:51.000000 ,N/A
1,0x8a48fcb0,FILE,42559,1,File,Archive,FILE_NAME,2023-04-24 14:40:51.000000 ,2017-02-10 23:40:28.000000 ,2023-04-24 14:40:51.000000 ,2023-04-24 14:40:51.000000 ,vmmemctl.sys
0,0x8a490050,FILE,42560,1,DirInUse,N/A,STANDARD_INFORMATION,2023-04-24 14:40:51.000000 ,2023-04-24 14:40:51.000000 ,2023-04-24 14:40:51.000000 ,2023-04-24 14:40:51.000000 ,N/A
1,0x8a4900b0,FILE,42560,1,DirInUse,0x0,FILE_NAME,2023-04-24 14:40:51.000000 ,2023-04-24 14:40:51.000000 ,2023-04-24 14:40:51.000000 ,2023-04-24 14:40:51.000000 ,AuthCabs
0,0x8a490450,FILE,42561,1,File,N/A,STANDARD_INFORMATION,2023-04-24 14:40:51.000000 ,2017-02-10 23:40:28.000000 ,2023-04-24 14:40:51.000000 ,2023-04-24 14:40:51.000000 ,N/A
1,0x8a4904b0,FILE,42561,1,File,Archive,FILE_NAME,2023-04-24 14:40:51.000000 ,2023-04-24 14:40:51.000000 ,2023-04-24 14:40:51.000000 ,2023-04-24 14:40:51.000000 ,vmmemctl.cat
0,0x8a490850,FILE,42562,1,DirInUse,N/A,STANDARD_INFORMATION,2023-04-24 14:40:51.000000 ,2023-04-24 14:40:51.000000 ,2023-04-24 14:40:51.000000 ,2023-04-24 14:40:51.000000 ,N/A
1,0x8a4908b0,FILE,42562,1,DirInUse,0x0,FILE_NAME,2023-04-24 14:40:51.000000 ,2023-04-24 14:40:51.000000 ,2023-04-24 14:40:51.000000 ,2023-04-24 14:40:51.000000 ,Download
0,0x8a490c50,FILE,42563,2,DirInUse,N/A,STANDARD_INFORMATION,2023-04-24 14:40:51.000000 ,2023-04-24 14:40:51.000000 ,2023-04-24 14:40:51.000000 ,2023-04-24 14:40:51.000000 ,N/A
1,0x8a490cb0,FILE,42563,2,DirInUse,0x0,FILE_NAME,2023-04-24 14:40:51.000000 ,2023-04-24 14:40:51.000000 ,2023-04-24 14:40:51.000000 ,2023-04-24 14:40:51.000000 ,DATAST~1
1,0x8a490d20,FILE,42563,2,DirInUse,0x0,FILE_NAME,2023-04-24 14:40:51.000000 ,2023-04-24 14:40:51.000000 ,2023-04-24 14:40:51.000000 ,2023-04-24 14:40:51.000000 ,DataStore
0,0x8a491050,FILE,42564,1,DirInUse,N/A,STANDARD_INFORMATION,2023-04-24 14:40:51.000000 ,2023-04-24 14:43:42.000000 ,2023-04-24 14:43:42.000000 ,2023-04-24 14:43:42.000000 ,N/A
1,0x8a4910b0,FILE,42564,1,DirInUse,0x0,FILE_NAME,2023-04-24 14:40:51.000000 ,2023-04-24 14:40:51.000000 ,2023-04-24 14:40:51.000000 ,2023-04-24 14:40:51.000000 ,Logs
0,0x8a491450,FILE,42565,1,File,N/A,STANDARD_INFORMATION,2023-04-24 14:40:51.000000 ,2023-04-24 14:48:42.000000 ,2023-04-24 14:48:42.000000 ,2023-04-24 14:40:51.000000 ,N/A
1,0x8a4914b0,FILE,42565,1,File,Archive,FILE_NAME,2023-04-24 14:40:51.000000 ,2023-04-24 14:40:51.000000 ,2023-04-24 14:40:51.000000 ,2023-04-24 14:40:51.000000 ,edb.log
0,0x8a491850,FILE,42566,2,File,N/A,STANDARD_INFORMATION,2023-04-24 14:49:48.000000 ,2023-04-24 14:49:48.000000 ,2023-04-24 14:49:48.000000 ,2023-04-24 14:49:48.000000 ,N/A
1,0x8a4918b0,FILE,42566,2,File,ArchiveHiddenSystem,FILE_NAME,2023-04-24 14:49:48.000000 ,2023-04-24 14:49:48.000000 ,2023-04-24 14:49:48.000000 ,2023-04-24 14:49:48.000000 ,RECOVE~2.REG
1,0x8a491928,FILE,42566,2,File,ArchiveHiddenSystem,FILE_NAME,2023-04-24 14:49:48.000000 ,2023-04-24 14:49:48.000000 ,2023-04-24 14:49:48.000000 ,2023-04-24 14:49:48.000000 ,Recovery.dat{188cd940-e2ae-11ed-91ec-d8fc93a830fd}.TMContainer00000000000000000002.regtrans-ms
0,0x8a491c50,FILE,42567,2,File,N/A,STANDARD_INFORMATION,2023-04-24 14:40:51.000000 ,2023-04-24 14:40:51.000000 ,2023-04-24 14:40:51.000000 ,2023-04-24 14:40:51.000000 ,N/A
1,0x8a491cb0,FILE,42567,2,File,Archive,FILE_NAME,2023-04-24 14:40:51.000000 ,2023-04-24 14:40:51.000000 ,2023-04-24 14:40:51.000000 ,2023-04-24 14:40:51.000000 ,EDBRES~1.JRS
1,0x8a491d28,FILE,42567,2,File,Archive,FILE_NAME,2023-04-24 14:40:51.000000 ,2023-04-24 14:40:51.000000 ,2023-04-24 14:40:51.000000 ,2023-04-24 14:40:51.000000 ,edbres00001.jrs
0,0x8a492050,FILE,42568,2,File,N/A,STANDARD_INFORMATION,2023-04-24 14:40:51.000000 ,2023-04-24 14:40:51.000000 ,2023-04-24 14:40:51.000000 ,2023-04-24 14:40:51.000000 ,N/A
1,0x8a4920b0,FILE,42568,2,File,Archive,FILE_NAME,2023-04-24 14:40:51.000000 ,2023-04-24 14:40:51.000000 ,2023-04-24 14:40:51.000000 ,2023-04-24 14:40:51.000000 ,EDBRES~2.JRS
1,0x8a492128,FILE,42568,2,File,Archive,FILE_NAME,2023-04-24 14:40:51.000000 ,2023-04-24 14:40:51.000000 ,2023-04-24 14:40:51.000000 ,2023-04-24 14:40:51.000000 ,edbres00002.jrs
0,0x8a492450,FILE,42569,2,File,N/A,STANDARD_INFORMATION,2023-04-24 14:49:51.000000 ,2023-04-24 14:49:51.000000 ,2023-04-24 14:49:51.000000 ,2023-04-24 14:49:51.000000 ,N/A
1,0x8a4924b0,FILE,42569,2,File,Archive,FILE_NAME,2023-04-24 14:49:51.000000 ,2023-04-24 14:49:51.000000 ,2023-04-24 14:49:51.000000 ,2023-04-24 14:49:51.000000 ,WMIPRV~1.PF
1,0x8a492520,FILE,42569,2,File,Archive,FILE_NAME,2023-04-24 14:49:51.000000 ,2023-04-24 14:49:51.000000 ,2023-04-24 14:49:51.000000 ,2023-04-24 14:49:51.000000 ,WMIPRVSE.EXE-43972D0F.pf
0,0x8a492850,FILE,42570,1,File,N/A,STANDARD_INFORMATION,2023-04-24 14:40:51.000000 ,2023-04-24 14:48:42.000000 ,2023-04-24 14:48:42.000000 ,2023-04-24 14:40:51.000000 ,N/A
1,0x8a4928b0,FILE,42570,1,File,Archive,FILE_NAME,2023-04-24 14:40:51.000000 ,2023-04-24 14:40:51.000000 ,2023-04-24 14:40:51.000000 ,2023-04-24 14:40:51.000000 ,edb.chk
0,0x8a492c50,FILE,42571,2,File,N/A,STANDARD_INFORMATION,2023-04-24 14:40:51.000000 ,2023-04-24 14:48:42.000000 ,2023-04-24 14:48:42.000000 ,2023-04-24 14:40:51.000000 ,N/A
1,0x8a492cb0,FILE,42571,2,File,Archive,FILE_NAME,2023-04-24 14:40:51.000000 ,2023-04-24 14:40:51.000000 ,2023-04-24 14:40:51.000000 ,2023-04-24 14:40:51.000000 ,DATAST~1.EDB
1,0x8a492d28,FILE,42571,2,File,Archive,FILE_NAME,2023-04-24 14:40:51.000000 ,2023-04-24 14:40:51.000000 ,2023-04-24 14:40:51.000000 ,2023-04-24 14:40:51.000000 ,DataStore.edb
0,0x8a494050,FILE,42576,1,File,N/A,STANDARD_INFORMATION,2023-04-24 14:40:53.000000 ,2017-02-10 23:39:36.000000 ,2023-04-24 14:40:15.000000 ,2023-04-24 14:40:53.000000 ,N/A
1,0x8a4940b0,FILE,42576,1,File,Archive,FILE_NAME,2023-04-24 14:40:53.000000 ,2023-04-24 14:40:53.000000 ,2023-04-24 14:40:53.000000 ,2023-04-24 14:40:53.000000 ,vmhgfs.sys
0,0x8a494450,FILE,42577,1,File,N/A,STANDARD_INFORMATION,2023-04-24 14:40:53.000000 ,2017-02-10 23:39:36.000000 ,2023-04-24 14:40:53.000000 ,2023-04-24 14:40:53.000000 ,N/A
1,0x8a4944b0,FILE,42577,1,File,Archive,FILE_NAME,2023-04-24 14:40:53.000000 ,2017-02-10 23:39:36.000000 ,2023-04-24 14:40:53.000000 ,2023-04-24 14:40:53.000000 ,vmhgfs.sys
0,0x8a494850,FILE,42578,1,File,N/A,STANDARD_INFORMATION,2023-04-24 14:40:53.000000 ,2017-02-10 23:39:36.000000 ,2023-04-24 14:40:53.000000 ,2023-04-24 14:40:53.000000 ,N/A
1,0x8a4948b0,FILE,42578,1,File,Archive,FILE_NAME,2023-04-24 14:40:53.000000 ,2017-02-10 23:39:36.000000 ,2023-04-24 14:40:53.000000 ,2023-04-24 14:40:53.000000 ,vmhgfs.dll
0,0x8a494c50,FILE,42579,2,DirInUse,N/A,STANDARD_INFORMATION,2023-04-24 14:40:57.000000 ,2023-04-24 14:40:57.000000 ,2023-04-24 14:40:57.000000 ,2023-04-24 14:40:57.000000 ,N/A
1,0x8a494cb0,FILE,42579,2,DirInUse,0x0,FILE_NAME,2023-04-24 14:40:57.000000 ,2023-04-24 14:40:57.000000 ,2023-04-24 14:40:57.000000 ,2023-04-24 14:40:57.000000 ,VMRAWD~1
1,0x8a494d20,FILE,42579,2,DirInUse,0x0,FILE_NAME,2023-04-24 14:40:57.000000 ,2023-04-24 14:40:57.000000 ,2023-04-24 14:40:57.000000 ,2023-04-24 14:40:57.000000 ,vmrawdsk_53F3E5E23861959CADEF8EAC62691B476F7E2E31
0,0x8a498050,FILE,42592,1,DirInUse,N/A,STANDARD_INFORMATION,2023-04-24 14:40:57.000000 ,2023-04-24 14:40:57.000000 ,2023-04-24 14:40:57.000000 ,2023-04-24 14:40:57.000000 ,N/A
1,0x8a4980b0,FILE,42592,1,DirInUse,0x0,FILE_NAME,2023-04-24 14:40:57.000000 ,2023-04-24 14:40:57.000000 ,2023-04-24 14:40:57.000000 ,2023-04-24 14:40:57.000000 ,System32
0,0x8a498450,FILE,42593,1,DirInUse,N/A,STANDARD_INFORMATION,2023-04-24 14:40:59.000000 ,2023-04-24 14:40:59.000000 ,2023-04-24 14:40:59.000000 ,2023-04-24 14:40:59.000000 ,N/A
1,0x8a4984b0,FILE,42593,1,DirInUse,0x0,FILE_NAME,2023-04-24 14:40:59.000000 ,2023-04-24 14:40:59.000000 ,2023-04-24 14:40:59.000000 ,2023-04-24 14:40:59.000000 ,WER
0,0x8a498850,FILE,42594,1,DirInUse,N/A,STANDARD_INFORMATION,2023-04-24 14:40:59.000000 ,2023-04-24 14:43:46.000000 ,2023-04-24 14:43:46.000000 ,2023-04-24 14:43:46.000000 ,N/A
1,0x8a4988b0,FILE,42594,1,DirInUse,0x0,FILE_NAME,2023-04-24 14:40:59.000000 ,2023-04-24 14:40:59.000000 ,2023-04-24 14:40:59.000000 ,2023-04-24 14:40:59.000000 ,ERC
0,0x8a498c50,FILE,42595,2,File,N/A,STANDARD_INFORMATION,2023-04-24 14:40:59.000000 ,2023-04-24 14:44:42.000000 ,2023-04-24 14:44:42.000000 ,2023-04-24 14:40:59.000000 ,N/A
1,0x8a498cb0,FILE,42595,2,File,Archive,FILE_NAME,2023-04-24 14:40:59.000000 ,2023-04-24 14:40:59.000000 ,2023-04-24 14:40:59.000000 ,2023-04-24 14:40:59.000000 ,MI6518~1.EVT
1,0x8a498d28,FILE,42595,2,File,Archive,FILE_NAME,2023-04-24 14:40:59.000000 ,2023-04-24 14:40:59.000000 ,2023-04-24 14:40:59.000000 ,2023-04-24 14:40:59.000000 ,Microsoft-Windows-WindowsBackup%4ActionCenter.evtx
0,0x8a499050,FILE,42596,2,DirInUse,N/A,STANDARD_INFORMATION,2023-04-24 14:40:59.000000 ,2023-04-24 14:40:59.000000 ,2023-04-24 14:40:59.000000 ,2023-04-24 14:40:59.000000 ,N/A
1,0x8a4990b0,FILE,42596,2,DirInUse,0x0,FILE_NAME,2023-04-24 14:40:59.000000 ,2023-04-24 14:40:59.000000 ,2023-04-24 14:40:59.000000 ,2023-04-24 14:40:59.000000 ,REPORT~1
1,0x8a499120,FILE,42596,2,DirInUse,0x0,FILE_NAME,2023-04-24 14:40:59.000000 ,2023-04-24 14:40:59.000000 ,2023-04-24 14:40:59.000000 ,2023-04-24 14:40:59.000000 ,ReportArchive
0,0x8a499450,FILE,42597,1,File,N/A,STANDARD_INFORMATION,2023-04-24 14:40:59.000000 ,2017-02-10 23:37:22.000000 ,2023-04-24 14:40:59.000000 ,2023-04-24 14:40:59.000000 ,N/A
1,0x8a4994b0,FILE,42597,1,File,Archive,FILE_NAME,2023-04-24 14:40:59.000000 ,2023-04-24 14:40:59.000000 ,2023-04-24 14:40:59.000000 ,2023-04-24 14:40:59.000000 ,oem9.CAT
0,0x8a499850,FILE,42598,2,File,N/A,STANDARD_INFORMATION,2023-04-24 14:40:59.000000 ,2023-04-24 14:44:34.000000 ,2023-04-24 14:44:34.000000 ,2023-04-24 14:40:59.000000 ,N/A
1,0x8a4998b0,FILE,42598,2,File,Archive,FILE_NAME,2023-04-24 14:40:59.000000 ,2023-04-24 14:40:59.000000 ,2023-04-24 14:40:59.000000 ,2023-04-24 14:40:59.000000 ,MI01EB~1.EVT
1,0x8a499928,FILE,42598,2,File,Archive,FILE_NAME,2023-04-24 14:40:59.000000 ,2023-04-24 14:40:59.000000 ,2023-04-24 14:40:59.000000 ,2023-04-24 14:40:59.000000 ,Microsoft-Windows-WindowsUpdateClient%4Operational.evtx
0,0x8a499c50,FILE,42599,2,File,N/A,STANDARD_INFORMATION,2023-04-24 14:40:59.000000 ,2023-04-24 14:41:14.000000 ,2023-04-24 14:41:14.000000 ,2023-04-24 14:40:59.000000 ,N/A
1,0x8a499cb0,FILE,42599,2,File,Archive,FILE_NAME,2023-04-24 14:40:59.000000 ,2023-04-24 14:40:59.000000 ,2023-04-24 14:40:59.000000 ,2023-04-24 14:40:59.000000 ,MIBED6~1.EVT
1,0x8a499d28,FILE,42599,2,File,Archive,FILE_NAME,2023-04-24 14:40:59.000000 ,2023-04-24 14:40:59.000000 ,2023-04-24 14:40:59.000000 ,2023-04-24 14:40:59.000000 ,Microsoft-Windows-NetworkAccessProtection%4WHC.evtx
0,0x8a49a050,FILE,42600,2,File,N/A,STANDARD_INFORMATION,2023-04-24 14:40:59.000000 ,2023-04-24 14:41:14.000000 ,2023-04-24 14:41:14.000000 ,2023-04-24 14:40:59.000000 ,N/A
1,0x8a49a0b0,FILE,42600,2,File,Archive,FILE_NAME,2023-04-24 14:40:59.000000 ,2023-04-24 14:40:59.000000 ,2023-04-24 14:40:59.000000 ,2023-04-24 14:40:59.000000 ,MIE68D~1.EVT
1,0x8a49a128,FILE,42600,2,File,Archive,FILE_NAME,2023-04-24 14:40:59.000000 ,2023-04-24 14:40:59.000000 ,2023-04-24 14:40:59.000000 ,2023-04-24 14:40:59.000000 ,Microsoft-Windows-Diagnosis-Scheduled%4Operational.evtx
0,0x8a49a450,FILE,42601,1,DirInUse,N/A,STANDARD_INFORMATION,2023-04-24 14:41:02.000000 ,2023-04-24 14:41:02.000000 ,2023-04-24 14:41:02.000000 ,2023-04-24 14:41:02.000000 ,N/A
1,0x8a49a4b0,FILE,42601,1,DirInUse,0x0,FILE_NAME,2023-04-24 14:41:02.000000 ,2023-04-24 14:41:02.000000 ,2023-04-24 14:41:02.000000 ,2023-04-24 14:41:02.000000 ,Handler
0,0x8a49a850,FILE,42602,1,File,N/A,STANDARD_INFORMATION,2023-04-24 14:41:02.000000 ,2023-04-24 14:41:02.000000 ,2023-04-24 14:41:02.000000 ,2023-04-24 14:41:02.000000 ,N/A
1,0x8a49a8b0,FILE,42602,1,File,Archive,FILE_NAME,2023-04-24 14:41:02.000000 ,2023-04-24 14:41:02.000000 ,2023-04-24 14:41:02.000000 ,2023-04-24 14:41:02.000000 ,oem9.PNF
0,0x8a49ac50,FILE,42603,1,File,N/A,STANDARD_INFORMATION,2023-04-24 14:41:06.000000 ,2023-04-24 14:41:06.000000 ,2023-04-24 14:41:06.000000 ,2023-04-24 14:41:06.000000 ,N/A
1,0x8a49acb0,FILE,42603,1,File,Archive,FILE_NAME,2023-04-24 14:41:06.000000 ,2023-04-24 14:41:06.000000 ,2023-04-24 14:41:06.000000 ,2023-04-24 14:41:06.000000 ,oem10.PNF
0,0x8a4a1050,FILE,42628,1,File,N/A,STANDARD_INFORMATION,2023-04-24 14:41:05.000000 ,2023-04-24 14:41:06.000000 ,2023-04-24 14:41:06.000000 ,2023-04-24 14:41:05.000000 ,N/A
1,0x8a4a10b0,FILE,42628,1,File,Archive,FILE_NAME,2023-04-24 14:41:05.000000 ,2023-04-24 14:41:05.000000 ,2023-04-24 14:41:05.000000 ,2023-04-24 14:41:05.000000 ,vm3d.PNF
0,0x8a4a1450,FILE,42629,1,File,N/A,STANDARD_INFORMATION,2009-07-14 04:52:16.000000 ,2023-04-24 14:41:06.000000 ,2023-04-24 14:42:02.000000 ,2023-04-24 14:41:06.000000 ,N/A
1,0x8a4a14b0,FILE,42629,1,File,Archive,FILE_NAME,2023-04-24 14:40:18.000000 ,2023-04-24 14:41:06.000000 ,2023-04-24 14:41:06.000000 ,2023-04-24 14:41:06.000000 ,INFCACHE.1
0,0x8a4a1850,FILE,42630,2,File,N/A,STANDARD_INFORMATION,2023-04-24 14:41:07.000000 ,2023-04-24 14:41:42.000000 ,2023-04-24 14:41:42.000000 ,2023-04-24 14:41:07.000000 ,N/A
1,0x8a4a18b0,FILE,42630,2,File,Archive,FILE_NAME,2023-04-24 14:41:07.000000 ,2023-04-24 14:41:07.000000 ,2023-04-24 14:41:07.000000 ,2023-04-24 14:41:07.000000 ,VMWARE~1.LOG
1,0x8a4a1928,FILE,42630,2,File,Archive,FILE_NAME,2023-04-24 14:41:07.000000 ,2023-04-24 14:41:07.000000 ,2023-04-24 14:41:07.000000 ,2023-04-24 14:41:07.000000 ,vmware-vmusr.log
0,0x8a4a1c50,FILE,42631,2,File,N/A,STANDARD_INFORMATION,2023-04-24 14:41:08.000000 ,2023-04-24 14:56:14.000000 ,2023-04-24 14:56:14.000000 ,2023-04-24 14:41:08.000000 ,N/A
1,0x8a4a1cb0,FILE,42631,2,File,Archive,FILE_NAME,2023-04-24 14:41:08.000000 ,2023-04-24 14:41:08.000000 ,2023-04-24 14:41:08.000000 ,2023-04-24 14:41:08.000000 ,VMWARE~2.LOG
1,0x8a4a1d28,FILE,42631,2,File,Archive,FILE_NAME,2023-04-24 14:41:08.000000 ,2023-04-24 14:41:08.000000 ,2023-04-24 14:41:08.000000 ,2023-04-24 14:41:08.000000 ,vmware-vmsvc.log
0,0x8a4a2050,FILE,42632,2,File,N/A,STANDARD_INFORMATION,2023-04-24 14:41:09.000000 ,2023-04-24 14:55:50.000000 ,2023-04-24 14:55:50.000000 ,2023-04-24 14:41:09.000000 ,N/A
1,0x8a4a20b0,FILE,42632,2,File,Archive,FILE_NAME,2023-04-24 14:41:09.000000 ,2023-04-24 14:41:09.000000 ,2023-04-24 14:41:09.000000 ,2023-04-24 14:41:09.000000 ,VMWARE~1.PF
1,0x8a4a2120,FILE,42632,2,File,Archive,FILE_NAME,2023-04-24 14:41:09.000000 ,2023-04-24 14:41:09.000000 ,2023-04-24 14:41:09.000000 ,2023-04-24 14:41:09.000000 ,VMWARERESOLUTIONSET.EXE-BAE6FDC8.pf
0,0x8a4a2450,FILE,42633,2,File,N/A,STANDARD_INFORMATION,2023-04-24 14:41:09.000000 ,2023-04-24 14:41:16.000000 ,2023-04-24 14:41:43.000000 ,2023-04-24 14:41:09.000000 ,N/A
1,0x8a4a24b0,FILE,42633,2,File,Archive,FILE_NAME,2023-04-24 14:41:09.000000 ,2023-04-24 14:41:16.000000 ,2023-04-24 14:41:16.000000 ,2023-04-24 14:41:09.000000 ,DTCTRA~1.202
1,0x8a4a2528,FILE,42633,2,File,Archive,FILE_NAME,2023-04-24 14:41:09.000000 ,2023-04-24 14:41:16.000000 ,2023-04-24 14:41:16.000000 ,2023-04-24 14:41:09.000000 ,dtctrace.log.2023-04-24-17-41-43-0999-00
0,0x8a4a2850,FILE,42634,2,File,N/A,STANDARD_INFORMATION,2023-04-24 14:50:06.000000 ,2023-04-24 14:59:02.000000 ,2023-04-24 14:59:02.000000 ,2023-04-24 14:50:06.000000 ,N/A
1,0x8a4a28b0,FILE,42634,2,File,Archive,FILE_NAME,2023-04-24 14:50:06.000000 ,2023-04-24 14:50:06.000000 ,2023-04-24 14:50:06.000000 ,2023-04-24 14:50:06.000000 ,EXPLOR~1.PF
1,0x8a4a2920,FILE,42634,2,File,Archive,FILE_NAME,2023-04-24 14:50:06.000000 ,2023-04-24 14:50:06.000000 ,2023-04-24 14:50:06.000000 ,2023-04-24 14:50:06.000000 ,EXPLORER.EXE-7A3328DA.pf
0,0x8a4a2c50,FILE,42635,2,DirInUse,N/A,STANDARD_INFORMATION,2023-04-24 14:50:12.000000 ,2023-04-24 14:50:12.000000 ,2023-04-24 14:50:12.000000 ,2023-04-24 14:50:12.000000 ,N/A
1,0x8a4a2cb0,FILE,42635,2,DirInUse,0x0,FILE_NAME,2023-04-24 14:50:12.000000 ,2023-04-24 14:50:12.000000 ,2023-04-24 14:50:12.000000 ,2023-04-24 14:50:12.000000 ,VMWARE~1
1,0x8a4a2d20,FILE,42635,2,DirInUse,0x0,FILE_NAME,2023-04-24 14:50:12.000000 ,2023-04-24 14:50:12.000000 ,2023-04-24 14:50:12.000000 ,2023-04-24 14:50:12.000000 ,VMwareDnD
0,0x8a4a3050,FILE,42636,2,File,N/A,STANDARD_INFORMATION,2023-04-24 14:41:11.000000 ,2023-04-24 14:41:11.000000 ,2023-04-24 14:41:40.000000 ,2023-04-24 14:41:11.000000 ,N/A
1,0x8a4a30b0,FILE,42636,2,File,Archive,FILE_NAME,2023-04-24 14:41:11.000000 ,2023-04-24 14:41:11.000000 ,2023-04-24 14:41:11.000000 ,2023-04-24 14:41:11.000000 ,RUD582~1.PF
1,0x8a4a3120,FILE,42636,2,File,Archive,FILE_NAME,2023-04-24 14:41:11.000000 ,2023-04-24 14:41:11.000000 ,2023-04-24 14:41:11.000000 ,2023-04-24 14:41:11.000000 ,RUNDLL32.EXE-1C879C70.pf
0,0x8a4a3450,FILE,42637,1,DirInUse,N/A,STANDARD_INFORMATION,2023-04-24 14:50:12.000000 ,2023-04-24 14:50:12.000000 ,2023-04-24 14:50:12.000000 ,2023-04-24 14:50:12.000000 ,N/A
1,0x8a4a34b0,FILE,42637,1,DirInUse,0x0,FILE_NAME,2023-04-24 14:50:12.000000 ,2023-04-24 14:50:12.000000 ,2023-04-24 14:50:12.000000 ,2023-04-24 14:50:12.000000 ,8d66c36c
0,0x8a4a3850,FILE,42638,2,File,N/A,STANDARD_INFORMATION,2023-04-24 14:41:11.000000 ,2023-04-24 14:41:11.000000 ,2023-04-24 14:41:40.000000 ,2023-04-24 14:41:11.000000 ,N/A
1,0x8a4a38b0,FILE,42638,2,File,Archive,FILE_NAME,2023-04-24 14:41:11.000000 ,2023-04-24 14:41:11.000000 ,2023-04-24 14:41:11.000000 ,2023-04-24 14:41:11.000000 ,RU5902~1.PF
1,0x8a4a3920,FILE,42638,2,File,Archive,FILE_NAME,2023-04-24 14:41:11.000000 ,2023-04-24 14:41:11.000000 ,2023-04-24 14:41:11.000000 ,2023-04-24 14:41:11.000000 ,RUNDLL32.EXE-50CE6A48.pf
0,0x8a4a3c50,FILE,42639,2,File,N/A,STANDARD_INFORMATION,2023-04-24 14:41:10.000000 ,2023-04-24 14:41:11.000000 ,2023-04-24 14:41:11.000000 ,2023-04-24 14:41:11.000000 ,N/A
1,0x8a4a3cb0,FILE,42639,2,File,Archive,FILE_NAME,2023-04-24 14:41:10.000000 ,2023-04-24 14:41:11.000000 ,2023-04-24 14:41:11.000000 ,2023-04-24 14:41:11.000000 ,R0B31A~1.CLB
1,0x8a4a3d28,FILE,42639,2,File,Archive,FILE_NAME,2023-04-24 14:41:10.000000 ,2023-04-24 14:41:11.000000 ,2023-04-24 14:41:11.000000 ,2023-04-24 14:41:11.000000 ,R000000000005.clb
0,0x8a4a4050,FILE,42640,2,File,N/A,STANDARD_INFORMATION,2023-04-24 14:41:10.000000 ,2023-04-24 14:41:11.000000 ,2023-04-24 14:41:11.000000 ,2023-04-24 14:41:11.000000 ,N/A
1,0x8a4a40b0,FILE,42640,2,File,Archive,FILE_NAME,2023-04-24 14:41:10.000000 ,2023-04-24 14:41:11.000000 ,2023-04-24 14:41:11.000000 ,2023-04-24 14:41:11.000000 ,R0DE72~1.CLB
1,0x8a4a4128,FILE,42640,2,File,Archive,FILE_NAME,2023-04-24 14:41:10.000000 ,2023-04-24 14:41:11.000000 ,2023-04-24 14:41:11.000000 ,2023-04-24 14:41:11.000000 ,R000000000006.clb
0,0x8a4a4450,FILE,42641,2,File,N/A,STANDARD_INFORMATION,2023-04-24 14:41:11.000000 ,2023-04-24 14:41:11.000000 ,2023-04-24 14:41:40.000000 ,2023-04-24 14:41:11.000000 ,N/A
1,0x8a4a44b0,FILE,42641,2,File,Archive,FILE_NAME,2023-04-24 14:41:11.000000 ,2023-04-24 14:41:11.000000 ,2023-04-24 14:41:11.000000 ,2023-04-24 14:41:11.000000 ,COMREG~1.PF
1,0x8a4a4520,FILE,42641,2,File,Archive,FILE_NAME,2023-04-24 14:41:11.000000 ,2023-04-24 14:41:11.000000 ,2023-04-24 14:41:11.000000 ,2023-04-24 14:41:11.000000 ,COMREG.EXE-BE2DC5C3.pf
0,0x8a4a4850,FILE,42642,1,File,N/A,STANDARD_INFORMATION,2023-04-24 14:41:11.000000 ,2023-04-24 14:41:12.000000 ,2023-04-24 14:41:12.000000 ,2023-04-24 14:41:11.000000 ,N/A
1,0x8a4a48b0,FILE,42642,1,File,Archive,FILE_NAME,2023-04-24 14:41:11.000000 ,2023-04-24 14:41:12.000000 ,2023-04-24 14:41:12.000000 ,2023-04-24 14:41:11.000000 ,manifest.txt
0,0x8a4a4c50,FILE,42643,2,File,N/A,STANDARD_INFORMATION,2023-04-24 14:48:11.000000 ,2023-04-24 11:12:38.000000 ,2023-04-24 11:12:38.000000 ,2023-04-24 14:48:11.000000 ,N/A
1,0x8a4a4cb0,FILE,42643,2,File,Archive,FILE_NAME,2023-04-24 14:50:12.000000 ,2023-04-24 14:50:12.000000 ,2023-04-24 14:50:12.000000 ,2023-04-24 14:50:12.000000 ,HACKTO~1.ZIP
1,0x8a4a4d28,FILE,42643,2,File,Archive,FILE_NAME,2023-04-24 14:50:12.000000 ,2023-04-24 14:50:12.000000 ,2023-04-24 14:50:12.000000 ,2023-04-24 14:50:12.000000 ,Hacktoria Contract File.zip
0,0x8a4a5050,FILE,42644,2,File,N/A,STANDARD_INFORMATION,2023-04-24 14:50:14.000000 ,2023-04-24 11:12:38.000000 ,2023-04-24 14:50:16.000000 ,2023-04-24 14:50:14.000000 ,N/A
1,0x8a4a50b0,FILE,42644,2,File,Archive,FILE_NAME,2023-04-24 14:50:14.000000 ,2023-04-24 14:50:14.000000 ,2023-04-24 14:50:14.000000 ,2023-04-24 14:50:14.000000 ,HACKTO~1.ZIP
1,0x8a4a5128,FILE,42644,2,File,Archive,FILE_NAME,2023-04-24 14:50:14.000000 ,2023-04-24 14:50:14.000000 ,2023-04-24 14:50:14.000000 ,2023-04-24 14:50:14.000000 ,Hacktoria Contract File.zip
0,0x8a4a5450,FILE,42645,2,File,N/A,STANDARD_INFORMATION,2023-04-24 14:50:16.000000 ,2023-04-24 14:51:31.000000 ,2023-04-24 14:51:31.000000 ,2023-04-24 14:51:31.000000 ,N/A
1,0x8a4a54b0,FILE,42645,2,File,Archive,FILE_NAME,2023-04-24 14:50:16.000000 ,2023-04-24 14:51:31.000000 ,2023-04-24 14:51:31.000000 ,2023-04-24 14:51:31.000000 ,HACKTO~1.LNK
1,0x8a4a5528,FILE,42645,2,File,Archive,FILE_NAME,2023-04-24 14:50:16.000000 ,2023-04-24 14:51:31.000000 ,2023-04-24 14:51:31.000000 ,2023-04-24 14:51:31.000000 ,Hacktoria Contract File.lnk
0,0x8a4a5850,FILE,42646,2,File,N/A,STANDARD_INFORMATION,2023-04-24 14:50:16.000000 ,2023-04-24 14:51:31.000000 ,2023-04-24 14:51:31.000000 ,2023-04-24 14:51:31.000000 ,N/A
1,0x8a4a58b0,FILE,42646,2,File,Archive,FILE_NAME,2023-04-24 14:50:16.000000 ,2023-04-24 14:51:31.000000 ,2023-04-24 14:51:31.000000 ,2023-04-24 14:51:31.000000 ,LOCALD~1.LNK
1,0x8a4a5928,FILE,42646,2,File,Archive,FILE_NAME,2023-04-24 14:50:16.000000 ,2023-04-24 14:51:31.000000 ,2023-04-24 14:51:31.000000 ,2023-04-24 14:51:31.000000 ,Local Disk (C).lnk
0,0x8a4a5c50,FILE,42647,2,File,N/A,STANDARD_INFORMATION,2023-04-24 14:50:22.000000 ,2023-04-24 14:51:32.000000 ,2023-04-24 14:51:32.000000 ,2023-04-24 14:50:22.000000 ,N/A
1,0x8a4a5cb0,FILE,42647,2,File,Archive,FILE_NAME,2023-04-24 14:50:22.000000 ,2023-04-24 14:50:22.000000 ,2023-04-24 14:50:22.000000 ,2023-04-24 14:50:22.000000 ,RUA95E~1.PF
1,0x8a4a5d20,FILE,42647,2,File,Archive,FILE_NAME,2023-04-24 14:50:22.000000 ,2023-04-24 14:50:22.000000 ,2023-04-24 14:50:22.000000 ,2023-04-24 14:50:22.000000 ,RUNDLL32.EXE-5CF92C61.pf
0,0x8a4a6050,FILE,42648,2,File,N/A,STANDARD_INFORMATION,2023-04-24 14:50:19.000000 ,2023-04-24 14:50:19.000000 ,2023-04-24 14:50:19.000000 ,2023-04-24 14:50:19.000000 ,N/A
1,0x8a4a60b0,FILE,42648,2,File,Archive,FILE_NAME,2023-04-24 14:50:19.000000 ,2023-04-24 14:50:19.000000 ,2023-04-24 14:50:19.000000 ,2023-04-24 14:50:19.000000 ,DLLHOS~4.PF
1,0x8a4a6120,FILE,42648,2,File,Archive,FILE_NAME,2023-04-24 14:50:19.000000 ,2023-04-24 14:50:19.000000 ,2023-04-24 14:50:19.000000 ,2023-04-24 14:50:19.000000 ,DLLHOST.EXE-7D2183B8.pf
0,0x8a4a6450,FILE,42649,1,File,N/A,STANDARD_INFORMATION,2023-04-24 14:51:14.000000 ,2023-04-24 14:51:13.000000 ,2023-04-24 14:51:19.000000 ,2023-04-24 14:51:19.000000 ,N/A
1,0x8a4a64b0,FILE,42649,1,File,Archive,FILE_NAME,2023-04-24 14:51:19.000000 ,2023-04-24 14:51:19.000000 ,2023-04-24 14:51:19.000000 ,2023-04-24 14:51:19.000000 ,7z2201.exe
0,0x8a4a6850,FILE,42650,2,File,N/A,STANDARD_INFORMATION,2023-04-24 14:51:22.000000 ,2023-04-24 14:51:22.000000 ,2023-04-24 14:51:22.000000 ,2023-04-24 14:51:22.000000 ,N/A
1,0x8a4a68b0,FILE,42650,2,File,Archive,FILE_NAME,2023-04-24 14:51:22.000000 ,2023-04-24 14:51:22.000000 ,2023-04-24 14:51:22.000000 ,2023-04-24 14:51:22.000000 ,MI6A61~1.EVT
1,0x8a4a6928,FILE,42650,2,File,Archive,FILE_NAME,2023-04-24 14:51:22.000000 ,2023-04-24 14:51:22.000000 ,2023-04-24 14:51:22.000000 ,2023-04-24 14:51:22.000000 ,Microsoft-Windows-Application-Experience%4Program-Compatibility-Assistant.evtx
0,0x8a4a6c50,FILE,42651,2,File,N/A,STANDARD_INFORMATION,2023-04-24 14:51:22.000000 ,2023-04-24 14:51:22.000000 ,2023-04-24 14:51:22.000000 ,2023-04-24 14:51:22.000000 ,N/A
1,0x8a4a6cb0,FILE,42651,2,File,Archive,FILE_NAME,2023-04-24 14:51:22.000000 ,2023-04-24 14:51:22.000000 ,2023-04-24 14:51:22.000000 ,2023-04-24 14:51:22.000000 ,MIA746~1.EVT
1,0x8a4a6d28,FILE,42651,2,File,Archive,FILE_NAME,2023-04-24 14:51:22.000000 ,2023-04-24 14:51:22.000000 ,2023-04-24 14:51:22.000000 ,2023-04-24 14:51:22.000000 ,Microsoft-Windows-Application-Experience%4Program-Telemetry.evtx
0,0x8a4a7050,FILE,42652,2,File,N/A,STANDARD_INFORMATION,2023-04-24 14:51:22.000000 ,2023-04-24 14:51:22.000000 ,2023-04-24 14:51:22.000000 ,2023-04-24 14:51:22.000000 ,N/A
1,0x8a4a70b0,FILE,42652,2,File,Archive,FILE_NAME,2023-04-24 14:51:22.000000 ,2023-04-24 14:51:22.000000 ,2023-04-24 14:51:22.000000 ,2023-04-24 14:51:22.000000 ,MID52B~1.EVT
1,0x8a4a7128,FILE,42652,2,File,Archive,FILE_NAME,2023-04-24 14:51:22.000000 ,2023-04-24 14:51:22.000000 ,2023-04-24 14:51:22.000000 ,2023-04-24 14:51:22.000000 ,Microsoft-Windows-Application-Experience%4Program-Inventory.evtx
0,0x8a4a7450,FILE,42653,2,File,N/A,STANDARD_INFORMATION,2023-04-24 14:51:22.000000 ,2023-04-24 14:51:22.000000 ,2023-04-24 14:51:22.000000 ,2023-04-24 14:51:22.000000 ,N/A
1,0x8a4a74b0,FILE,42653,2,File,Archive,FILE_NAME,2023-04-24 14:51:22.000000 ,2023-04-24 14:51:22.000000 ,2023-04-24 14:51:22.000000 ,2023-04-24 14:51:22.000000 ,MI319B~1.EVT
1,0x8a4a7528,FILE,42653,2,File,Archive,FILE_NAME,2023-04-24 14:51:22.000000 ,2023-04-24 14:51:22.000000 ,2023-04-24 14:51:22.000000 ,2023-04-24 14:51:22.000000 ,Microsoft-Windows-Application-Experience%4Problem-Steps-Recorder.evtx
0,0x8a4a7850,FILE,42654,2,File,N/A,STANDARD_INFORMATION,2023-04-24 14:51:22.000000 ,2023-04-24 14:51:22.000000 ,2023-04-24 14:51:22.000000 ,2023-04-24 14:51:22.000000 ,N/A
1,0x8a4a78b0,FILE,42654,2,File,Archive,FILE_NAME,2023-04-24 14:51:22.000000 ,2023-04-24 14:51:22.000000 ,2023-04-24 14:51:22.000000 ,2023-04-24 14:51:22.000000 ,MI7257~1.EVT
